Log file open, 11/13/17 20:04:23
LogWindows: Failed to load 'aqProf.dll' (GetLastError=126)
LogWindows: File 'aqProf.dll' does not exist
LogWindows: Failed to load 'VtuneApi.dll' (GetLastError=126)
LogWindows: File 'VtuneApi.dll' does not exist
LogWindows: Failed to load 'VtuneApi32e.dll' (GetLastError=126)
LogWindows: File 'VtuneApi32e.dll' does not exist
LogInit: Display: Running engine for game: MyProject1
LogPlatformFile: Not using cached read wrapper
LogInit: Display: RandInit(1728487806) SRandInit(1728487806).
LogInit: Read version file with build ID '3709383'
LogInit: Overriding engine version to CL 3709383, compatible CL 3709383
LogInit: Registered custom module enumerator with build ID '3709383'
LogTaskGraph: Started task graph with 5 named threads and 14 total threads with 3 sets of task threads.
LogStats: Stats thread started at 0.157483
LogD3D11RHI: Aftermath initialized
LogModuleManager: Display: Found up-to-date module file ../../../Engine/Plugins/2D/Paper2D/Binaries/Win64/UE4Editor-Paper2D.dll (API version 3709383).
LogModuleManager: Display: Found up-to-date module file ../../../Engine/Plugins/2D/Paper2D/Binaries/Win64/UE4Editor-Paper2DEditor.dll (API version 3709383).
LogModuleManager: Display: Found up-to-date module file ../../../Engine/Plugins/2D/Paper2D/Binaries/Win64/UE4Editor-PaperSpriteSheetImporter.dll (API version 3709383).
LogModuleManager: Display: Found up-to-date module file ../../../Engine/Plugins/2D/Paper2D/Binaries/Win64/UE4Editor-PaperTiledImporter.dll (API version 3709383).
LogModuleManager: Display: Found up-to-date module file ../../../Engine/Plugins/2D/Paper2D/Binaries/Win64/UE4Editor-SmartSnapping.dll (API version 3709383).
LogModuleManager: Display: Found up-to-date module file ../../../Engine/Plugins/Blendables/LightPropagationVolume/Binaries/Win64/UE4Editor-LightPropagationVolumeRuntime.dll (API version 3709383).
LogModuleManager: Display: Found up-to-date module file ../../../Engine/Plugins/Blendables/LightPropagationVolume/Binaries/Win64/UE4Editor-LightPropagationVolumeEditor.dll (API version 3709383).
LogModuleManager: Display: Found up-to-date module file ../../../Engine/Plugins/Developer/GitSourceControl/Binaries/Win64/UE4Editor-GitSourceControl.dll (API version 3709383).
LogModuleManager: Display: Found up-to-date module file ../../../Engine/Plugins/Developer/PerforceSourceControl/Binaries/Win64/UE4Editor-PerforceSourceControl.dll (API version 3709383).
LogModuleManager: Display: Found up-to-date module file ../../../Engine/Plugins/Developer/SubversionSourceControl/Binaries/Win64/UE4Editor-SubversionSourceControl.dll (API version 3709383).
LogModuleManager: Display: Found up-to-date module file ../../../Engine/Plugins/Developer/UObjectPlugin/Binaries/Win64/UE4Editor-UObjectPlugin.dll (API version 3709383).
LogModuleManager: Display: Found up-to-date module file ../../../Engine/Plugins/Developer/VisualStudioCodeSourceCodeAccess/Binaries/Win64/UE4Editor-VisualStudioCodeSourceCodeAccess.dll (API version 3709383).
LogModuleManager: Display: Found up-to-date module file ../../../Engine/Plugins/Developer/VisualStudioSourceCodeAccess/Binaries/Win64/UE4Editor-VisualStudioSourceCodeAccess.dll (API version 3709383).
LogModuleManager: Display: Found up-to-date module file ../../../Engine/Plugins/Editor/AssetManagerEditor/Binaries/Win64/UE4Editor-AssetManagerEditor.dll (API version 3709383).
LogModuleManager: Display: Found up-to-date module file ../../../Engine/Plugins/Editor/AudioCapture/Binaries/Win64/UE4Editor-AudioCapture.dll (API version 3709383).
LogModuleManager: Display: Found up-to-date module file ../../../Engine/Plugins/Editor/FacialAnimation/Binaries/Win64/UE4Editor-FacialAnimation.dll (API version 3709383).
LogModuleManager: Display: Found up-to-date module file ../../../Engine/Plugins/Editor/FacialAnimation/Binaries/Win64/UE4Editor-FacialAnimationEditor.dll (API version 3709383).
LogModuleManager: Display: Found up-to-date module file ../../../Engine/Plugins/Editor/GameplayTagsEditor/Binaries/Win64/UE4Editor-GameplayTagsEditor.dll (API version 3709383).
LogModuleManager: Display: Found up-to-date module file ../../../Engine/Plugins/Editor/MobileLauncherProfileWizard/Binaries/Win64/UE4Editor-MobileLauncherProfileWizard.dll (API version 3709383).
LogModuleManager: Display: Found up-to-date module file ../../../Engine/Plugins/Editor/PluginBrowser/Binaries/Win64/UE4Editor-PluginBrowser.dll (API version 3709383).
LogModuleManager: Display: Found up-to-date module file ../../../Engine/Plugins/Editor/SpeedTreeImporter/Binaries/Win64/UE4Editor-SpeedTreeImporter.dll (API version 3709383).
LogModuleManager: Display: Found up-to-date module file ../../../Engine/Plugins/Experimental/AlembicImporter/Binaries/Win64/UE4Editor-AlembicImporter.dll (API version 3709383).
LogModuleManager: Display: Found up-to-date module file ../../../Engine/Plugins/Experimental/AlembicImporter/Binaries/Win64/UE4Editor-AlembicLibrary.dll (API version 3709383).
LogModuleManager: Display: Found up-to-date module file ../../../Engine/Plugins/Experimental/CharacterAI/Binaries/Win64/UE4Editor-CharacterAI.dll (API version 3709383).
LogModuleManager: Display: Found up-to-date module file ../../../Engine/Plugins/Experimental/HTML5Networking/Binaries/Win64/UE4Editor-HTML5Networking.dll (API version 3709383).
LogModuleManager: Display: Found up-to-date module file ../../../Engine/Plugins/Media/AndroidMedia/Binaries/Win64/UE4Editor-AndroidMediaEditor.dll (API version 3709383).
LogModuleManager: Display: Found up-to-date module file ../../../Engine/Plugins/Media/AndroidMedia/Binaries/Win64/UE4Editor-AndroidMediaFactory.dll (API version 3709383).
LogModuleManager: Display: Found up-to-date module file ../../../Engine/Plugins/Media/AvfMedia/Binaries/Win64/UE4Editor-AvfMediaEditor.dll (API version 3709383).
LogModuleManager: Display: Found up-to-date module file ../../../Engine/Plugins/Media/AvfMedia/Binaries/Win64/UE4Editor-AvfMediaFactory.dll (API version 3709383).
LogModuleManager: Display: Found up-to-date module file ../../../Engine/Plugins/Media/AvfMedia/Binaries/Win64/UE4Editor-AvfMediaFactory.dll (API version 3709383).
LogModuleManager: Display: Found up-to-date module file ../../../Engine/Plugins/Media/ImgMedia/Binaries/Win64/UE4Editor-ImgMedia.dll (API version 3709383).
LogModuleManager: Display: Found up-to-date module file ../../../Engine/Plugins/Media/ImgMedia/Binaries/Win64/UE4Editor-ImgMediaEditor.dll (API version 3709383).
LogModuleManager: Display: Found up-to-date module file ../../../Engine/Plugins/Media/ImgMedia/Binaries/Win64/UE4Editor-ImgMediaFactory.dll (API version 3709383).
LogModuleManager: Display: Found up-to-date module file ../../../Engine/Plugins/Media/ImgMedia/Binaries/Win64/UE4Editor-ImgMediaFactory.dll (API version 3709383).
LogModuleManager: Display: Found up-to-date module file ../../../Engine/Plugins/Media/ImgMedia/Binaries/Win64/UE4Editor-OpenExrWrapper.dll (API version 3709383).
LogModuleManager: Display: Found up-to-date module file ../../../Engine/Plugins/Media/MediaCompositing/Binaries/Win64/UE4Editor-MediaCompositing.dll (API version 3709383).
LogModuleManager: Display: Found up-to-date module file ../../../Engine/Plugins/Media/MediaCompositing/Binaries/Win64/UE4Editor-MediaCompositingEditor.dll (API version 3709383).
LogModuleManager: Display: Found up-to-date module file ../../../Engine/Plugins/Media/MediaPlayerEditor/Binaries/Win64/UE4Editor-MediaPlayerEditor.dll (API version 3709383).
LogModuleManager: Display: Found up-to-date module file ../../../Engine/Plugins/Media/WmfMedia/Binaries/Win64/UE4Editor-WmfMedia.dll (API version 3709383).
LogModuleManager: Display: Found up-to-date module file ../../../Engine/Plugins/Media/WmfMedia/Binaries/Win64/UE4Editor-WmfMediaEditor.dll (API version 3709383).
LogModuleManager: Display: Found up-to-date module file ../../../Engine/Plugins/Media/WmfMedia/Binaries/Win64/UE4Editor-WmfMediaFactory.dll (API version 3709383).
LogModuleManager: Display: Found up-to-date module file ../../../Engine/Plugins/Media/WmfMedia/Binaries/Win64/UE4Editor-WmfMediaFactory.dll (API version 3709383).
LogModuleManager: Display: Found up-to-date module file ../../../Engine/Plugins/Messaging/TcpMessaging/Binaries/Win64/UE4Editor-TcpMessaging.dll (API version 3709383).
LogModuleManager: Display: Found up-to-date module file ../../../Engine/Plugins/Messaging/UdpMessaging/Binaries/Win64/UE4Editor-UdpMessaging.dll (API version 3709383).
LogModuleManager: Display: Found up-to-date module file ../../../Engine/Plugins/MovieScene/ActorSequence/Binaries/Win64/UE4Editor-ActorSequence.dll (API version 3709383).
LogModuleManager: Display: Found up-to-date module file ../../../Engine/Plugins/MovieScene/LevelSequenceEditor/Binaries/Win64/UE4Editor-LevelSequenceEditor.dll (API version 3709383).
LogModuleManager: Display: Found up-to-date module file ../../../Engine/Plugins/MovieScene/MatineeToLevelSequence/Binaries/Win64/UE4Editor-MatineeToLevelSequence.dll (API version 3709383).
LogModuleManager: Display: Found up-to-date module file ../../../Engine/Plugins/Online/OnlineSubsystem/Binaries/Win64/UE4Editor-OnlineSubsystem.dll (API version 3709383).
LogModuleManager: Display: Found up-to-date module file ../../../Engine/Plugins/Runtime/AndroidPermission/Binaries/Win64/UE4Editor-AndroidPermission.dll (API version 3709383).
LogModuleManager: Display: Found up-to-date module file ../../../Engine/Plugins/Online/OnlineSubsystemNull/Binaries/Win64/UE4Editor-OnlineSubsystemNull.dll (API version 3709383).
LogModuleManager: Display: Found up-to-date module file ../../../Engine/Plugins/Online/OnlineSubsystemUtils/Binaries/Win64/UE4Editor-OnlineSubsystemUtils.dll (API version 3709383).
LogModuleManager: Display: Found up-to-date module file ../../../Engine/Plugins/Online/OnlineSubsystemUtils/Binaries/Win64/UE4Editor-OnlineBlueprintSupport.dll (API version 3709383).
LogModuleManager: Display: Found up-to-date module file ../../../Engine/Plugins/Runtime/AndroidDeviceProfileSelector/Binaries/Win64/UE4Editor-AndroidDeviceProfileSelector.dll (API version 3709383).
LogModuleManager: Display: Found up-to-date module file ../../../Engine/Plugins/Runtime/AppleARKit/Binaries/Win64/UE4Editor-AppleARKit.dll (API version 3709383).
LogModuleManager: Display: Found up-to-date module file ../../../Engine/Plugins/Runtime/ArchVisCharacter/Binaries/Win64/UE4Editor-ArchVisCharacter.dll (API version 3709383).
LogModuleManager: Display: Found up-to-date module file ../../../Engine/Plugins/Runtime/CableComponent/Binaries/Win64/UE4Editor-CableComponent.dll (API version 3709383).
LogModuleManager: Display: Found up-to-date module file ../../../Engine/Plugins/Runtime/CustomMeshComponent/Binaries/Win64/UE4Editor-CustomMeshComponent.dll (API version 3709383).
LogModuleManager: Display: Found up-to-date module file ../../../Engine/Plugins/Runtime/ExampleDeviceProfileSelector/Binaries/Win64/UE4Editor-ExampleDeviceProfileSelector.dll (API version 3709383).
LogModuleManager: Display: Found up-to-date module file ../../../Engine/Plugins/Runtime/ImmediatePhysics/Binaries/Win64/UE4Editor-ImmediatePhysics.dll (API version 3709383).
LogModuleManager: Display: Found up-to-date module file ../../../Engine/Plugins/Runtime/ImmediatePhysics/Binaries/Win64/UE4Editor-ImmediatePhysicsEditor.dll (API version 3709383).
LogModuleManager: Display: Found up-to-date module file ../../../Engine/Plugins/Runtime/LocationServicesBPLibrary/Binaries/Win64/UE4Editor-LocationServicesBPLibrary.dll (API version 3709383).
LogModuleManager: Display: Found up-to-date module file ../../../Engine/Plugins/Runtime/MobilePatchingUtils/Binaries/Win64/UE4Editor-MobilePatchingUtils.dll (API version 3709383).
LogModuleManager: Display: Found up-to-date module file ../../../Engine/Plugins/Runtime/Oculus/OculusVR/Binaries/Win64/UE4Editor-OculusHMD.dll (API version 3709383).
LogModuleManager: Display: Found up-to-date module file ../../../Engine/Plugins/Runtime/Oculus/OculusVR/Binaries/Win64/UE4Editor-OculusInput.dll (API version 3709383).
LogModuleManager: Display: Found up-to-date module file ../../../Engine/Plugins/Runtime/Oculus/OculusVR/Binaries/Win64/UE4Editor-OculusEditor.dll (API version 3709383).
LogModuleManager: Display: Found up-to-date module file ../../../Engine/Plugins/Runtime/PhysXVehicles/Binaries/Win64/UE4Editor-PhysXVehicles.dll (API version 3709383).
LogModuleManager: Display: Found up-to-date module file ../../../Engine/Plugins/Runtime/PhysXVehicles/Binaries/Win64/UE4Editor-PhysXVehiclesEditor.dll (API version 3709383).
LogModuleManager: Display: Found up-to-date module file ../../../Engine/Plugins/Runtime/ProceduralMeshComponent/Binaries/Win64/UE4Editor-ProceduralMeshComponent.dll (API version 3709383).
LogModuleManager: Display: Found up-to-date module file ../../../Engine/Plugins/Runtime/ProceduralMeshComponent/Binaries/Win64/UE4Editor-ProceduralMeshComponentEditor.dll (API version 3709383).
LogModuleManager: Display: Found up-to-date module file ../../../Engine/Plugins/Runtime/RuntimePhysXCooking/Binaries/Win64/UE4Editor-RuntimePhysXCooking.dll (API version 3709383).
LogModuleManager: Display: Found up-to-date module file ../../../Engine/Plugins/Runtime/Steam/SteamVR/Binaries/Win64/UE4Editor-SteamVR.dll (API version 3709383).
LogModuleManager: Display: Found up-to-date module file ../../../Engine/Plugins/Runtime/Steam/SteamVR/Binaries/Win64/UE4Editor-SteamVRController.dll (API version 3709383).
LogModuleManager: Display: Found up-to-date module file ../../../Engine/Plugins/Runtime/WindowsMoviePlayer/Binaries/Win64/UE4Editor-WindowsMoviePlayer.dll (API version 3709383).
LogPluginManager: Mounting plugin Paper2D
LogPluginManager: Mounting plugin LightPropagationVolume
LogPluginManager: Mounting plugin CodeLiteSourceCodeAccess
LogPluginManager: Mounting plugin GitSourceControl
LogPluginManager: Mounting plugin KDevelopSourceCodeAccess
LogPluginManager: Mounting plugin NullSourceCodeAccess
LogPluginManager: Mounting plugin PerforceSourceControl
LogPluginManager: Mounting plugin SubversionSourceControl
LogPluginManager: Mounting plugin UObjectPlugin
LogPluginManager: Mounting plugin VisualStudioCodeSourceCodeAccess
LogPluginManager: Mounting plugin VisualStudioSourceCodeAccess
LogPluginManager: Mounting plugin XCodeSourceCodeAccess
LogPluginManager: Mounting plugin AssetManagerEditor
LogPluginManager: Mounting plugin AudioCapture
LogPluginManager: Mounting plugin FacialAnimation
LogPluginManager: Mounting plugin GameplayTagsEditor
LogPluginManager: Mounting plugin MobileLauncherProfileWizard
LogPluginManager: Mounting plugin PluginBrowser
LogPluginManager: Mounting plugin SpeedTreeImporter
LogPluginManager: Mounting plugin AlembicImporter
LogPluginManager: Mounting plugin CharacterAI
LogPluginManager: Mounting plugin HTML5Networking
LogPluginManager: Mounting plugin AndroidMedia
LogPluginManager: Mounting plugin AvfMedia
LogPluginManager: Mounting plugin ImgMedia
LogPluginManager: Mounting plugin MediaCompositing
LogPluginManager: Mounting plugin MediaPlayerEditor
LogPluginManager: Mounting plugin WmfMedia
LogPluginManager: Mounting plugin TcpMessaging
LogPluginManager: Mounting plugin UdpMessaging
LogPluginManager: Mounting plugin ActorSequence
LogPluginManager: Mounting plugin LevelSequenceEditor
LogPluginManager: Mounting plugin MatineeToLevelSequence
LogPluginManager: Mounting plugin OnlineSubsystemGooglePlay
LogPluginManager: Mounting plugin OnlineSubsystemIOS
LogPluginManager: Mounting plugin OnlineSubsystem
LogPluginManager: Mounting plugin OnlineSubsystemNull
LogPluginManager: Mounting plugin OnlineSubsystemUtils
LogPluginManager: Mounting plugin AndroidDeviceProfileSelector
LogPluginManager: Mounting plugin AndroidMoviePlayer
LogPluginManager: Mounting plugin AndroidPermission
LogPluginManager: Mounting plugin AppleARKit
LogPluginManager: Mounting plugin AppleMoviePlayer
LogPluginManager: Mounting plugin ArchVisCharacter
LogPluginManager: Mounting plugin CableComponent
LogPluginManager: Mounting plugin CustomMeshComponent
LogPluginManager: Mounting plugin ExampleDeviceProfileSelector
LogPluginManager: Mounting plugin GoogleCloudMessaging
LogPluginManager: Mounting plugin ImmediatePhysics
LogPluginManager: Mounting plugin IOSDeviceProfileSelector
LogPluginManager: Mounting plugin LinuxDeviceProfileSelector
LogPluginManager: Mounting plugin LocationServicesBPLibrary
LogPluginManager: Mounting plugin MobilePatchingUtils
LogPluginManager: Mounting plugin OculusVR
LogPluginManager: Plugin shader directory ../../../Engine/Plugins/Runtime/Oculus/OculusVR/Shaders found
LogPluginManager: Mapping shader source directory ../../../Engine/Plugins/Runtime/Oculus/OculusVR/Shaders to virtual directory /Plugin/OculusVR
LogPluginManager: Mounting plugin PhysXVehicles
LogPluginManager: Mounting plugin ProceduralMeshComponent
LogPluginManager: Mounting plugin RuntimePhysXCooking
LogPluginManager: Mounting plugin SteamVR
LogPluginManager: Mounting plugin WindowsMoviePlayer
LogInit: Using libcurl 7.47.1
LogInit:  - built for x86_64-pc-win32
LogInit:  - supports SSL with OpenSSL/1.0.2g
LogInit:  - supports HTTP deflate (compression) using libz 1.2.8
LogInit:  - other features:
LogInit:      CURL_VERSION_SSL
LogInit:      CURL_VERSION_LIBZ
LogInit:      CURL_VERSION_IPV6
LogInit:      CURL_VERSION_ASYNCHDNS
LogInit:      CURL_VERSION_LARGEFILE
LogInit:      CURL_VERSION_IDN
LogInit:  CurlRequestOptions (configurable via config and command line):
LogInit:  - bVerifyPeer = false  - Libcurl will NOT verify peer certificate
LogInit:  - bUseHttpProxy = false  - Libcurl will NOT use HTTP proxy
LogInit:  - bDontReuseConnections = false  - Libcurl will reuse connections
LogInit:  - CertBundlePath = nullptr  - Libcurl will use whatever was configured at build time.
LogInit: Build: ++UE4+Release-4.18-CL-3709383
LogInit: Engine Version: 4.18.0-3709383+++UE4+Release-4.18
LogInit: Compatible Engine Version: 4.18.0-3709383+++UE4+Release-4.18
LogInit: Net CL: 3709383
LogDevObjectVersion: Number of dev versions registered: 16
LogDevObjectVersion:   Dev-Blueprints (B0D832E4-1F89-4F0D-ACCF-7EB736FD4AA2): 10
LogDevObjectVersion:   Dev-Build (E1C64328-A22C-4D53-A36C-8E866417BD8C): 0
LogDevObjectVersion:   Dev-Core (375EC13C-06E4-48FB-B500-84F0262A717E): 2
LogDevObjectVersion:   Dev-Editor (E4B068ED-F494-42E9-A231-DA0B2E46BB41): 20
LogDevObjectVersion:   Dev-Framework (CFFC743F-43B0-4480-9391-14DF171D2073): 30
LogDevObjectVersion:   Dev-Mobile (B02B49B5-BB20-44E9-A304-32B752E40360): 0
LogDevObjectVersion:   Dev-Networking (A4E4105C-59A1-49B5-A7C5-40C4547EDFEE): 0
LogDevObjectVersion:   Dev-Online (39C831C9-5AE6-47DC-9A44-9C173E1C8E7C): 0
LogDevObjectVersion:   Dev-Physics (78F01B33-EBEA-4F98-B9B4-84EACCB95AA2): 0
LogDevObjectVersion:   Dev-Platform (6631380F-2D4D-43E0-8009-CF276956A95A): 0
LogDevObjectVersion:   Dev-Rendering (12F88B9F-8875-4AFC-A67C-D90C383ABD29): 20
LogDevObjectVersion:   Dev-Sequencer (7B5AE74C-D270-4C10-A958-57980B212A5A): 4
LogDevObjectVersion:   Dev-VR (D7296918-1DD6-4BDD-9DE2-64A83CC13884): 0
LogDevObjectVersion:   Dev-LoadTimes (C2A15278-BFE7-4AFE-6C17-90FF531DF755): 1
LogDevObjectVersion:   Private-Geometry (6EACA3D4-40EC-4CC1-B786-8BED09428FC5): 1
LogDevObjectVersion:   Dev-AnimPhys (29E575DD-E0A3-4627-9D10-D276232CDCEA): 12
LogInit: Compiled (64-bit): Oct 20 2017 10:39:19
LogInit: Compiled with Visual C++: 19.00.24215.01
LogInit: Build Configuration: Development
LogInit: Branch Name: ++UE4+Release-4.18
LogInit: Command line: -EpicPortal 
LogInit: Base directory: D:/Program Files/Epic Games/UE_4.18/Engine/Binaries/Win64/
LogInit: Installed Engine Build: 1
LogInit: Presizing for max 8388607 objects, including 0 objects not considered by GC, pre-allocating 0 bytes for permanent pool.
LogInit: Object subsystem initialized
<<<<<<< HEAD
[2017.11.13-16.16.33:022][  0]LogInit: Selected Device Profile: [Windows]
[2017.11.13-16.16.33:022][  0]LogInit: Applying CVar settings loaded from the selected device profile: [Windows]
[2017.11.13-16.16.33:049][  0]LogInit: Computer: 3N1GWA
[2017.11.13-16.16.33:049][  0]LogInit: User: Admin
[2017.11.13-16.16.33:049][  0]LogInit: CPU Page size=4096, Cores=4
[2017.11.13-16.16.33:049][  0]LogInit: High frequency timer resolution =3.903984 MHz
[2017.11.13-16.16.33:049][  0]LogMemory: Memory total: Physical=15.9GB (16GB approx)
[2017.11.13-16.16.33:049][  0]LogMemory: Platform Memory Stats for Windows
[2017.11.13-16.16.33:049][  0]LogMemory: Process Physical Memory: 272.82 MB used, 272.82 MB peak
[2017.11.13-16.16.33:049][  0]LogMemory: Process Virtual Memory: 271.63 MB used, 271.63 MB peak
[2017.11.13-16.16.33:049][  0]LogMemory: Physical Memory: 6937.46 MB used,  9387.84 MB free, 16325.30 MB total
[2017.11.13-16.16.33:049][  0]LogMemory: Virtual Memory: 646.08 MB used,  9387.84 MB free, 134217728.00 MB total
[2017.11.13-16.16.33:135][  0]LogInit: Using OS detected language (ru-RU).
[2017.11.13-16.16.33:135][  0]LogInit: Using OS detected locale (ru-RU).
[2017.11.13-16.16.33:137][  0]LogTextLocalizationManager: No localization for 'ru-RU' exists, so 'en' will be used for the language.
[2017.11.13-16.16.33:137][  0]LogTextLocalizationManager: No localization for 'ru-RU' exists, so 'en' will be used for the locale.
[2017.11.13-16.16.33:507][  0]LogInit: Setting process to per monitor DPI aware
[2017.11.13-16.16.33:704][  0]LogD3D11RHI: D3D11 adapters:
[2017.11.13-16.16.34:234][  0]LogD3D11RHI:    0. 'NVIDIA GeForce GTX 960' (Feature Level 11_0)
[2017.11.13-16.16.34:234][  0]LogD3D11RHI:       2016/0/8162 MB DedicatedVideo/DedicatedSystem/SharedSystem, Outputs:2, VendorId:0x10de
[2017.11.13-16.16.34:236][  0]LogD3D11RHI:    1. 'Microsoft Basic Render Driver' (Feature Level 11_0)
[2017.11.13-16.16.34:236][  0]LogD3D11RHI:       0/0/8162 MB DedicatedVideo/DedicatedSystem/SharedSystem, Outputs:0, VendorId:0x1414
[2017.11.13-16.16.34:236][  0]LogD3D11RHI: Chosen D3D11 Adapter: 0
[2017.11.13-16.16.34:240][  0]LogD3D11RHI: Creating new Direct3DDevice
[2017.11.13-16.16.34:240][  0]LogD3D11RHI:     GPU DeviceId: 0x1401 (for the marketing name, search the web for "GPU Device Id")
[2017.11.13-16.16.34:240][  0]LogWindows: EnumDisplayDevices:
[2017.11.13-16.16.34:240][  0]LogWindows:    0. 'NVIDIA GeForce GTX 960' (P:1 D:1)
[2017.11.13-16.16.34:240][  0]LogWindows:    1. 'NVIDIA GeForce GTX 960' (P:0 D:1)
[2017.11.13-16.16.34:240][  0]LogWindows:    2. 'NVIDIA GeForce GTX 960' (P:0 D:0)
[2017.11.13-16.16.34:240][  0]LogWindows:    3. 'NVIDIA GeForce GTX 960' (P:0 D:0)
[2017.11.13-16.16.34:240][  0]LogWindows: DebugString: FoundDriverCount:4 
[2017.11.13-16.16.34:240][  0]LogD3D11RHI:     Adapter Name: NVIDIA GeForce GTX 960
[2017.11.13-16.16.34:240][  0]LogD3D11RHI:   Driver Version: 385.41 (internal:22.21.13.8541, unified:385.41)
[2017.11.13-16.16.34:240][  0]LogD3D11RHI:      Driver Date: 8-21-2017
[2017.11.13-16.16.34:240][  0]LogRHI: Texture pool is 1411 MB (70% of 2016 MB)
[2017.11.13-16.16.34:761][  0]LogD3D11RHI: Async texture creation enabled
[2017.11.13-16.16.34:774][  0]LogD3D11RHI: GPU Timing Frequency: 1000.000000 (Debug: 2 1)
[2017.11.13-16.16.34:823][  0]LogShaderCompilers: Guid format shader working directory is 2 characters bigger than the processId version (../../../../../../UnrealProjects/MyProject1/Intermediate/Shaders/WorkingDirectory/13376/).
[2017.11.13-16.16.34:823][  0]LogShaderCompilers: Cleaned the shader compiler working directory 'C:/Users/Admin/AppData/Local/Temp/UnrealShaderWorkingDir/53D98FD049C2E330873FCE9BB98A07D7/'.
[2017.11.13-16.16.34:823][  0]LogShaderCompilers: Display: Using Local Shader Compiler.
[2017.11.13-16.16.35:552][  0]LogTemp: Display: Loaded TP AllDesktopTargetPlatform
[2017.11.13-16.16.35:583][  0]LogTemp: Display: Loaded TP MacClientTargetPlatform
[2017.11.13-16.16.35:615][  0]LogTemp: Display: Loaded TP MacNoEditorTargetPlatform
[2017.11.13-16.16.35:648][  0]LogTemp: Display: Loaded TP MacServerTargetPlatform
[2017.11.13-16.16.35:679][  0]LogTemp: Display: Loaded TP MacTargetPlatform
[2017.11.13-16.16.35:714][  0]LogTemp: Display: Loaded TP WindowsClientTargetPlatform
[2017.11.13-16.16.35:759][  0]LogTemp: Display: Loaded TP WindowsNoEditorTargetPlatform
[2017.11.13-16.16.35:804][  0]LogTemp: Display: Loaded TP WindowsServerTargetPlatform
[2017.11.13-16.16.35:834][  0]LogTemp: Display: Loaded TP WindowsTargetPlatform
[2017.11.13-16.16.35:872][  0]LogTemp: Display: Loaded TP Android_ASTCTargetPlatform
[2017.11.13-16.16.35:903][  0]LogTemp: Display: Loaded TP Android_ATCTargetPlatform
[2017.11.13-16.16.35:933][  0]LogTemp: Display: Loaded TP Android_DXTTargetPlatform
[2017.11.13-16.16.35:962][  0]LogTemp: Display: Loaded TP Android_ETC1TargetPlatform
[2017.11.13-16.16.35:993][  0]LogTemp: Display: Loaded TP Android_ETC2TargetPlatform
[2017.11.13-16.16.36:053][  0]LogTemp: Display: Loaded TP Android_MultiTargetPlatform
[2017.11.13-16.16.36:053][  0]LogTemp: Display: Loaded TP Android_PVRTCTargetPlatform
[2017.11.13-16.16.36:083][  0]LogTemp: Display: Loaded TP AndroidTargetPlatform
[2017.11.13-16.16.36:105][  0]LogTemp: Display: Loaded TP HTML5TargetPlatform
[2017.11.13-16.16.36:166][  0]LogTemp: Display: Loaded TP IOSTargetPlatform
[2017.11.13-16.16.36:184][  0]LogTemp: Display: Loaded TP TVOSTargetPlatform
[2017.11.13-16.16.36:219][  0]LogTemp: Display: Loaded TP LinuxClientTargetPlatform
[2017.11.13-16.16.36:250][  0]LogTemp: Display: Loaded TP LinuxNoEditorTargetPlatform
[2017.11.13-16.16.36:281][  0]LogTemp: Display: Loaded TP LinuxServerTargetPlatform
[2017.11.13-16.16.36:314][  0]LogTemp: Display: Loaded TP LinuxTargetPlatform
[2017.11.13-16.16.36:314][  0]LogTargetPlatformManager: Display: Building Assets For Windows
[2017.11.13-16.16.36:583][  0]LogDerivedDataCache: Display: Max Cache Size: 512 MB
[2017.11.13-16.16.36:652][  0]LogDerivedDataCache: Loaded boot cache 0.07s 78MB C:/Users/Admin/AppData/Local/UnrealEngine/4.18/DerivedDataCache/Boot.ddc.
[2017.11.13-16.16.36:653][  0]LogDerivedDataCache: Display: Loaded Boot cache: C:/Users/Admin/AppData/Local/UnrealEngine/4.18/DerivedDataCache/Boot.ddc
[2017.11.13-16.16.36:653][  0]LogDerivedDataCache: FDerivedDataBackendGraph:  Pak pak cache file ../../../../../../UnrealProjects/MyProject1/DerivedDataCache/DDC.ddp not found, will not use a pak cache.
[2017.11.13-16.16.36:653][  0]LogDerivedDataCache: Unable to find inner node Pak for hierarchical cache Hierarchy.
[2017.11.13-16.16.36:653][  0]LogDerivedDataCache: FDerivedDataBackendGraph:  CompressedPak pak cache file ../../../../../../UnrealProjects/MyProject1/DerivedDataCache/Compressed.ddp not found, will not use a pak cache.
[2017.11.13-16.16.36:653][  0]LogDerivedDataCache: Unable to find inner node CompressedPak for hierarchical cache Hierarchy.
[2017.11.13-16.16.36:667][  0]LogDerivedDataCache: Display: Pak cache opened for reading ../../../Engine/DerivedDataCache/Compressed.ddp.
[2017.11.13-16.16.36:679][  0]LogDerivedDataCache: Using Local data cache path C:/Users/Admin/AppData/Local/UnrealEngine/Common/DerivedDataCache: Writable
[2017.11.13-16.16.36:687][  0]LogMaterial: Verifying Global Shaders for PCD3D_SM5
[2017.11.13-16.16.36:688][  0]LogSlate: Using Freetype 2.6.0
[2017.11.13-16.16.36:688][  0]LogSlate: SlateFontCache - WITH_FREETYPE: 1, WITH_HARFBUZZ: 1
[2017.11.13-16.16.36:688][  0]LogSlate: SlateFontCache - WITH_FREETYPE: 1, WITH_HARFBUZZ: 1
[2017.11.13-16.16.36:975][  0]LogInit: Selected Device Profile: [Windows]
[2017.11.13-16.16.37:194][  0]LogSimplygon: Simplygon DLL not present - disabling.
[2017.11.13-16.16.37:217][  0]LogMeshReduction: Using SimplygonSwarm for distributed automatic mesh merging
[2017.11.13-16.16.37:217][  0]LogMeshReduction: Using QuadricMeshReduction for automatic static mesh reduction
[2017.11.13-16.16.37:217][  0]LogMeshReduction: No automatic skeletal mesh reduction module available
[2017.11.13-16.16.37:217][  0]LogMeshReduction: No automatic mesh merging module available
[2017.11.13-16.16.37:217][  0]LogMeshMerging: No automatic mesh merging module available
[2017.11.13-16.16.37:237][  0]LogNetVersion: MyProject1 , NetCL: 3709383, EngineNetVer: 2, GameNetVer: 0 (Checksum: 2881748524)
[2017.11.13-16.16.37:354][  0]LogAssetRegistry: FAssetRegistry took 0.0246 seconds to start up
[2017.11.13-16.16.37:701][  0]LogPackageLocalizationCache: Processed 7 localized package path(s) for 1 prioritized culture(s) in 0.019151 seconds
[2017.11.13-16.16.37:705][  0]LogUObjectArray: 35900 objects as part of root set at end of initial load.
[2017.11.13-16.16.37:705][  0]LogUObjectAllocator: 7372016 out of 0 bytes used by permanent object pool.
[2017.11.13-16.16.37:705][  0]LogUObjectArray: CloseDisregardForGC: 0/0 objects in disregard for GC pool
[2017.11.13-16.16.37:736][  0]LogInit: WinSock: version 1.1 (2.2), MaxSocks=32767, MaxUdp=65467
[2017.11.13-16.16.39:569][  0]LogTcpMessaging: Initializing TcpMessaging bridge
[2017.11.13-16.16.39:602][  0]LogUdpMessaging: Initializing bridge on interface 0.0.0.0:0 to multicast group 230.0.0.1:6666.
[2017.11.13-16.16.40:025][  0]LogMaterial: Uniform references updated for custom material expression Custom.
[2017.11.13-16.16.40:295][  0]SourceControl: Source control is disabled
[2017.11.13-16.16.40:575][  0]LogSourceControl: Warning: '../../../../../../UnrealProjects/MyProject1/' is not part of a Git repository
[2017.11.13-16.16.41:215][  0]LogAndroidPermission: UAndroidPermissionCallbackProxy::GetInstance
[2017.11.13-16.16.41:372][  0]LogOcInput: OculusInput pre-init called
[2017.11.13-16.16.41:551][  0]LogEngine: Initializing Engine...
[2017.11.13-16.16.41:553][  0]LogHMD: Failed to initialize OpenVR with code 110
[2017.11.13-16.16.41:730][  0]LogStats: UGameplayTagsManager::ConstructGameplayTagTree: Construct from data asset -  0.000 s
[2017.11.13-16.16.41:730][  0]LogStats: UGameplayTagsManager::ConstructGameplayTagTree: GameplayTagTreeChangedEvent.Broadcast -  0.000 s
[2017.11.13-16.16.41:805][  0]LogAIModule: Creating AISystem for world Untitled
[2017.11.13-16.16.41:814][  0]LogInit: XAudio2 using 'Динамики (Realtek High Definition Audio)' : 2 channels at 48 kHz using 32 bits per sample (channel mask 0x3)
[2017.11.13-16.16.41:831][  0]LogInit: FAudioDevice initialized.
[2017.11.13-16.16.41:905][  0]LogDerivedDataCache: Saved boot cache 0.07s 78MB C:/Users/Admin/AppData/Local/UnrealEngine/4.18/DerivedDataCache/Boot.ddc.
[2017.11.13-16.16.41:915][  0]LogInit: Texture streaming: Enabled
[2017.11.13-16.16.41:972][  0]LogEngineSessionManager: EngineSessionManager initialized
[2017.11.13-16.16.42:042][  0]LogInit: Transaction tracking system initialized
[2017.11.13-16.16.42:218][  0]BlueprintLog: New page: Editor Load
[2017.11.13-16.16.42:719][  0]LocalizationService: Localization service is disabled
[2017.11.13-16.16.43:164][  0]LogConsoleResponse: Display: 
[2017.11.13-16.16.43:292][  0]LogCook: Display: Max memory allowance for cook 16384mb min free memory 0mb
[2017.11.13-16.16.43:292][  0]LogCook: Display: Mobile HDR setting 1
[2017.11.13-16.16.43:292][  0]LogGameplayTags: Display: UGameplayTagsManager::DoneAddingNativeTags. DelegateIsBound: 0
[2017.11.13-16.16.44:016][  0]LogFileCache: Scanning file cache for directory 'D:/UnrealProjects/MyProject1/Content/' took 0.01s
[2017.11.13-16.16.44:016][  0]Cmd: MAP LOAD FILE="../../../../../../UnrealProjects/MyProject1/Content/StarterContent/Maps/Minimal_Default.umap" TEMPLATE=0 SHOWPROGRESS=1 FEATURELEVEL=3
[2017.11.13-16.16.44:016][  0]LightingResults: New page: Lighting Build
[2017.11.13-16.16.44:041][  0]MapCheck: New page: Map Check
[2017.11.13-16.16.44:041][  0]LightingResults: New page: Lighting Build
[2017.11.13-16.16.44:606][  0]LogAIModule: Creating AISystem for world Minimal_Default
[2017.11.13-16.16.44:619][  0]LogEditorServer: Finished looking for orphan Actors (0.000 secs)
[2017.11.13-16.16.44:629][  0]Cmd: MAP CHECKDEP NOCLEARLOG
[2017.11.13-16.16.44:661][  0]MapCheck: Map check complete: 0 Error(s), 0 Warning(s), took 32.051ms to complete.
[2017.11.13-16.16.44:661][  0]LogFileHelpers: Loading map 'Minimal_Default' took 0.645
[2017.11.13-16.16.44:812][  0]LogCollectionManager: Loaded 0 collections in 0.000928 seconds
[2017.11.13-16.16.44:876][  0]LogFileCache: Scanning file cache for directory 'D:/UnrealProjects/MyProject1/Saved/Collections/' took 0.01s
[2017.11.13-16.16.44:876][  0]LogFileCache: Scanning file cache for directory 'D:/UnrealProjects/MyProject1/Content/Developers/Admin/Collections/' took 0.01s
[2017.11.13-16.16.44:876][  0]LogFileCache: Scanning file cache for directory 'D:/UnrealProjects/MyProject1/Content/Collections/' took 0.01s
[2017.11.13-16.16.44:876][  0]LogCollectionManager: Rebuilt the GUID cache for 0 collections in 0.000000 seconds
[2017.11.13-16.16.44:883][  0]LogContentBrowser: Native class hierarchy populated in 0.0062 seconds. Added 2363 classes and 519 folders.
[2017.11.13-16.16.44:926][  0]LogContentBrowser: Native class hierarchy updated for 'WidgetCarousel' in 0.0003 seconds. Added 0 classes and 0 folders.
[2017.11.13-16.16.45:415][  0]LogContentBrowser: Native class hierarchy updated for 'AddContentDialog' in 0.0003 seconds. Added 0 classes and 0 folders.
[2017.11.13-16.16.45:470][  0]LogContentBrowser: Native class hierarchy updated for 'SceneOutliner' in 0.0003 seconds. Added 1 classes and 2 folders.
[2017.11.13-16.16.45:484][  0]LogSlate: Took 0.000251 seconds to synchronously load lazily loaded font '../../../Engine/Content/Slate/Fonts/Roboto-Regular.ttf' (155K)
[2017.11.13-16.16.45:487][  0]LogSlate: Took 0.000227 seconds to synchronously load lazily loaded font '../../../Engine/Content/Slate/Fonts/Roboto-Bold.ttf' (160K)
[2017.11.13-16.16.45:507][  0]LogSlate: Took 0.015244 seconds to synchronously load lazily loaded font '../../../Engine/Content/Editor/Slate/Fonts/FontAwesome.ttf' (139K)
[2017.11.13-16.16.45:615][  0]LogRenderer: Reallocating scene render targets to support 1208x576 Format 10 NumSamples 1 (Frame:1).
[2017.11.13-16.16.45:810][  0]LogContentBrowser: Native class hierarchy updated for 'HierarchicalLODOutliner' in 0.0003 seconds. Added 1 classes and 2 folders.
[2017.11.13-16.16.45:810][  0]LogLoad: (Engine Initialization) Total time: 14.45 seconds
[2017.11.13-16.16.45:810][  0]LogLoad: (Engine Initialization) Total Blueprint compile time: 0.00 seconds
[2017.11.13-16.16.45:810][  0]LogExternalProfiler: No external profilers were discovered.  External profiling features will not be available.
[2017.11.13-16.16.46:165][  0]LogAssetRegistry: Asset discovery search completed in 8.8324 seconds
[2017.11.13-16.16.46:166][  0]LogCollectionManager: Rebuilt the object cache for 0 collections in 0.000000 seconds (found 0 objects)
[2017.11.13-16.16.46:166][  0]LogCollectionManager: Fixed up redirectors for 0 collections in 0.000035 seconds (updated 0 objects)
[2017.11.13-16.16.46:169][  0]LogContentStreaming: Texture pool size now 1000 MB
[2017.11.13-16.16.46:220][  0]LogSlate: Took 0.013172 seconds to synchronously load lazily loaded font '../../../Engine/Content/Slate/Fonts/Roboto-Light.ttf' (159K)
[2017.11.13-16.17.07:451][365]SourceControl: Error: fatal: Not a git repository: 'D:/UnrealProjects/MyProject1/.git'
[2017.11.13-16.17.07:464][365]SourceControl: Error: Failed to enable Git source control. You need to initialize the project as a Git repository first.
[2017.11.13-16.17.16:545][365]SourceControl: On branch master
[2017.11.13-16.17.16:545][365]SourceControl: Initial commit
[2017.11.13-16.17.16:545][365]SourceControl: Untracked files:
[2017.11.13-16.17.16:545][365]SourceControl:   (use "git add <file>..." to include in what will be committed)
[2017.11.13-16.17.16:545][365]SourceControl: 	.gitignore
[2017.11.13-16.17.16:545][365]SourceControl: 	Config/
[2017.11.13-16.17.16:545][365]SourceControl: 	Content/
[2017.11.13-16.17.16:545][365]SourceControl: 	MyProject1.uproject
[2017.11.13-16.17.16:545][365]SourceControl: 	TestUEprj/
[2017.11.13-16.17.16:545][365]SourceControl: nothing added to commit but untracked files present (use "git add" to track)
[2017.11.13-16.17.59:920][617]SourceControl: Error: warning: LF will be replaced by CRLF in .gitignore.
[2017.11.13-16.17.59:920][617]SourceControl: Error: The file will have its original line endings in your working directory.
[2017.11.13-16.18.34:600][926]LogUObjectGlobals: Warning: Failed to find object 'Object None.ActorDetails'
[2017.11.13-16.18.44:727][112]LogEditorViewport: Clicking on Actor (LMB): StaticMeshActor (Chair)
[2017.11.13-16.18.48:759][487]Cmd: EDIT COPY
[2017.11.13-16.18.49:068][487]Cmd: EDIT PASTE
[2017.11.13-16.18.53:272][928]LogEditorViewport: Clicking on Actor (LMB): BP_Sky_Sphere_C (BP_Sky_Sphere)
[2017.11.13-16.18.53:730][974]LogEditorViewport: Clicking on Actor (context menu): StaticMeshActor (Chair2)
[2017.11.13-16.18.54:058][989]LogEditorViewport: Clicking on Actor (LMB): StaticMeshActor (Chair2)
[2017.11.13-16.18.56:255][250]LogEditorViewport: Clicking on Actor (LMB): StaticMeshActor (Chair2)
[2017.11.13-16.18.56:464][273]LogEditorViewport: Clicking on Actor (context menu): StaticMeshActor (Chair2)
[2017.11.13-16.19.22:009][198]LogSlate: Took 0.000153 seconds to synchronously load lazily loaded font '../../../Engine/Content/Slate/Fonts/Roboto-Light.ttf' (159K)
[2017.11.13-16.19.22:070][198]Cmd: OBJ SAVEPACKAGE PACKAGE="/Game/NewMaterial" FILE="../../../../../../UnrealProjects/MyProject1/Content/NewMaterial.uasset" SILENT=true
[2017.11.13-16.19.22:138][198]LogSavePackage: Save=42.86ms
[2017.11.13-16.19.22:139][198]LogSavePackage: Moving '../../../../../../UnrealProjects/MyProject1/Saved/NewMaterial063C1FCE45845C2AAFAA9C8236C53688.tmp' to '../../../../../../UnrealProjects/MyProject1/Content/NewMaterial.uasset'
[2017.11.13-16.19.22:174][198]LogSavePackage: Display: Finished SavePackage ../../../../../../UnrealProjects/MyProject1/Content/NewMaterial.uasset
[2017.11.13-16.19.34:390][725]LogSourceControl: FGitCheckInWorker: commit successful
[2017.11.13-16.19.34:443][725]SourceControl: [master (root-commit) 75d35ef] test1111
[2017.11.13-16.19.34:443][725]SourceControl:  1 file changed, 0 insertions(+), 0 deletions(-)
[2017.11.13-16.19.34:443][725]SourceControl:  create mode 100644 Content/NewMaterial.uasset
[2017.11.13-16.19.34:450][725]SourceControl: Commited [master (root-commit) 75d35ef] test1111.
[2017.11.13-16.26.46:388][440]LogSlate: Took 0.000129 seconds to synchronously load lazily loaded font '../../../Engine/Content/Slate/Fonts/Roboto-Light.ttf' (159K)
[2017.11.13-16.26.47:006][440]LogSavePackage: Save=528.49ms
[2017.11.13-16.26.47:006][440]LogSavePackage: Moving '../../../../../../UnrealProjects/MyProject1/Saved/Minimal_Default_Auto1C319C89B49A8D66A270C69BE1622D29D.tmp' to '../../../../../../UnrealProjects/MyProject1/Saved/Autosaves/Game/StarterContent/Maps/Minimal_Default_Auto1.umap'
[2017.11.13-16.26.47:006][440]LogSavePackage: Display: Finished SavePackage ../../../../../../UnrealProjects/MyProject1/Saved/Autosaves/Game/StarterContent/Maps/Minimal_Default_Auto1.umap
[2017.11.13-16.26.47:029][440]LogFileHelpers: Editor autosave (incl. sublevels) for '/Game/StarterContent/Maps/Minimal_Default' took 0.606
[2017.11.13-16.26.47:029][440]LogFileHelpers: Editor autosave (incl. sublevels) for all levels took 0.606
[2017.11.13-16.30.55:384][187]LogWindowsTextInputMethodSystem: Display: IME system now deactivated.
[2017.11.13-16.30.55:385][187]LogWindowsTextInputMethodSystem: Display: IME system now deactivated.
[2017.11.13-16.38.01:522][521]LogWindowsTextInputMethodSystem: Display: IME system now deactivated.
[2017.11.13-16.38.01:522][521]LogWindowsTextInputMethodSystem: Display: IME system now deactivated.
[2017.11.13-16.43.45:723][295]LogSavePackage: Save=78.75ms
[2017.11.13-16.43.45:723][295]LogSavePackage: Moving '../../../../../../UnrealProjects/MyProject1/Saved/Minimal_Default_Auto24610BC3A4A1AC029EB7F43AF97DDC5E3.tmp' to '../../../../../../UnrealProjects/MyProject1/Saved/Autosaves/Game/StarterContent/Maps/Minimal_Default_Auto2.umap'
[2017.11.13-16.43.45:723][295]LogSavePackage: Display: Finished SavePackage ../../../../../../UnrealProjects/MyProject1/Saved/Autosaves/Game/StarterContent/Maps/Minimal_Default_Auto2.umap
[2017.11.13-16.43.45:724][295]LogFileHelpers: Editor autosave (incl. sublevels) for '/Game/StarterContent/Maps/Minimal_Default' took 0.091
[2017.11.13-16.43.45:724][295]LogFileHelpers: Editor autosave (incl. sublevels) for all levels took 0.091
[2017.11.13-17.08.16:011][797]LogSavePackage: Save=78.98ms
[2017.11.13-17.08.16:011][797]LogSavePackage: Moving '../../../../../../UnrealProjects/MyProject1/Saved/Minimal_Default32D00B8C41DAFC028610EDA0FA3124A6.tmp' to '../../../../../../UnrealProjects/MyProject1/Content/StarterContent/Maps/Minimal_Default.umap'
[2017.11.13-17.08.16:012][797]LogSavePackage: Display: Finished SavePackage ../../../../../../UnrealProjects/MyProject1/Content/StarterContent/Maps/Minimal_Default.umap
[2017.11.13-17.08.16:057][797]LogFileHelpers: Saving map 'Minimal_Default' took 0.267
[2017.11.13-17.08.18:092][ 20]LogEditorViewport: Clicking Background
[2017.11.13-17.08.20:242][269]LogMaterial: Missing cached shader map for material BasicShapeMaterial, compiling. 
[2017.11.13-17.08.21:787][269]LogSlate: Took 0.086933 seconds to synchronously load lazily loaded font '../../../Engine/Content/Slate/Fonts/Roboto-Regular.ttf' (155K)
[2017.11.13-17.08.29:861][269]LogContentBrowser: Native class hierarchy updated for 'BlueprintGraph' in 0.0006 seconds. Added 116 classes and 0 folders.
[2017.11.13-17.08.33:236][269]LogMaterial: Missing cached shader map for material GridMaterial, compiling. 
[2017.11.13-17.08.33:541][269]LogMaterial: Missing cached shader map for material PersonaFloorMat, compiling. 
[2017.11.13-17.08.34:490][269]LogSlate: Took 0.020441 seconds to synchronously load lazily loaded font '../../../Engine/Content/Editor/Slate/Fonts/Roboto-BoldCondensed.ttf' (158K)
[2017.11.13-17.09.02:653][485]LogEditorViewport: Clicking Background
[2017.11.13-17.09.18:025][889]LogSavePackage: Save=102.77ms
[2017.11.13-17.09.18:025][889]LogSavePackage: Moving '../../../../../../UnrealProjects/MyProject1/Saved/Minimal_Default35B9C53D4F4B2B4687D2B48E894D21E0.tmp' to '../../../../../../UnrealProjects/MyProject1/Content/StarterContent/Maps/Minimal_Default.umap'
[2017.11.13-17.09.18:026][889]LogSavePackage: Display: Finished SavePackage ../../../../../../UnrealProjects/MyProject1/Content/StarterContent/Maps/Minimal_Default.umap
[2017.11.13-17.09.18:036][889]LogFileHelpers: Saving map 'Minimal_Default' took 0.168
[2017.11.13-17.10.33:603][300]LogEditorViewport: Clicking on Actor (LMB): BP_Sky_Sphere_C (BP_Sky_Sphere)
[2017.11.13-17.10.39:806][  9]LogSavePackage: Save=101.23ms
[2017.11.13-17.10.39:806][  9]LogSavePackage: Moving '../../../../../../UnrealProjects/MyProject1/Saved/Minimal_DefaultA07F56A94D762CBF2DAC1682C1F127D8.tmp' to '../../../../../../UnrealProjects/MyProject1/Content/StarterContent/Maps/Minimal_Default.umap'
[2017.11.13-17.10.39:807][  9]LogSavePackage: Display: Finished SavePackage ../../../../../../UnrealProjects/MyProject1/Content/StarterContent/Maps/Minimal_Default.umap
[2017.11.13-17.10.39:816][  9]LogFileHelpers: Saving map 'Minimal_Default' took 0.187
[2017.11.13-17.10.48:318][989]LogSlate: Took 0.010386 seconds to synchronously load lazily loaded font '../../../Engine/Content/Editor/Slate/Fonts/Roboto-Italic.ttf' (157K)
[2017.11.13-17.13.48:690][568]Cmd: QUIT_EDITOR
[2017.11.13-17.13.49:048][568]LogWindowsTextInputMethodSystem: Display: IME system now deactivated.
[2017.11.13-17.13.49:114][568]LogExit: Preparing to exit.
[2017.11.13-17.13.50:028][568]LogDirectoryWatcher: A directory notification for 'D:/UnrealProjects/MyProject1/Content/' was aborted.
[2017.11.13-17.13.50:128][568]LogExit: Editor shut down
[2017.11.13-17.13.50:134][568]LogExit: Transaction tracking system shut down
[2017.11.13-17.13.50:424][568]LogDirectoryWatcher: A directory notification for '../../../Engine/Content/' was aborted.
[2017.11.13-17.13.50:424][568]LogDirectoryWatcher: A directory notification for '../../../../../../UnrealProjects/MyProject1/Content/' was aborted.
[2017.11.13-17.13.50:424][568]LogDirectoryWatcher: A directory notification for '../../../Engine/Plugins/2D/Paper2D/Content/' was aborted.
[2017.11.13-17.13.50:424][568]LogDirectoryWatcher: A directory notification for '../../../Engine/Plugins/Media/MediaCompositing/Content/' was aborted.
[2017.11.13-17.13.50:424][568]LogDirectoryWatcher: A directory notification for '../../../Engine/Plugins/Runtime/AppleARKit/Content/' was aborted.
[2017.11.13-17.13.50:424][568]LogDirectoryWatcher: A directory notification for '../../../Engine/Plugins/Runtime/Oculus/OculusVR/Content/' was aborted.
[2017.11.13-17.13.50:424][568]LogDirectoryWatcher: A directory notification for '../../../Engine/Plugins/Runtime/Steam/SteamVR/Content/' was aborted.
[2017.11.13-17.13.51:331][568]LogExit: Object subsystem successfully closed.
[2017.11.13-17.13.51:506][568]LogD3D11RHI: Shutdown
[2017.11.13-17.13.51:517][568]LogD3D11RHI: CleanupD3DDevice
[2017.11.13-17.13.51:544][568]LogD3D11RHI: ~FD3D11DynamicRHI
[2017.11.13-17.13.52:160][568]LogModuleManager: Shutting down and abandoning module BlueprintGraph (550)
[2017.11.13-17.13.52:160][568]LogModuleManager: Shutting down and abandoning module HierarchicalLODOutliner (548)
[2017.11.13-17.13.52:160][568]LogModuleManager: Shutting down and abandoning module SceneOutliner (546)
[2017.11.13-17.13.52:160][568]LogModuleManager: Shutting down and abandoning module AddContentDialog (544)
[2017.11.13-17.13.52:169][568]LogDirectoryWatcher: A directory notification for 'D:/Program Files/Epic Games/UE_4.18/FeaturePacks/' was aborted.
[2017.11.13-17.13.52:179][568]LogModuleManager: Shutting down and abandoning module WidgetCarousel (543)
[2017.11.13-17.13.52:179][568]LogModuleManager: Shutting down and abandoning module EditorWidgets (540)
[2017.11.13-17.13.52:179][568]LogModuleManager: Shutting down and abandoning module CollectionManager (538)
[2017.11.13-17.13.52:199][568]LogDirectoryWatcher: A directory notification for 'D:/UnrealProjects/MyProject1/Content/Collections/' was aborted.
[2017.11.13-17.13.52:199][568]LogDirectoryWatcher: A directory notification for 'D:/UnrealProjects/MyProject1/Content/Developers/Admin/Collections/' was aborted.
[2017.11.13-17.13.52:199][568]LogDirectoryWatcher: A directory notification for 'D:/UnrealProjects/MyProject1/Saved/Collections/' was aborted.
[2017.11.13-17.13.52:199][568]LogModuleManager: Shutting down and abandoning module StatsViewer (536)
[2017.11.13-17.13.52:218][568]LogModuleManager: Shutting down and abandoning module FoliageEdit (534)
[2017.11.13-17.13.52:218][568]LogModuleManager: Shutting down and abandoning module LandscapeEditor (532)
[2017.11.13-17.13.52:236][568]LogModuleManager: Shutting down and abandoning module MeshPaintMode (530)
[2017.11.13-17.13.52:249][568]LogModuleManager: Shutting down and abandoning module SceneDepthPickerMode (528)
[2017.11.13-17.13.52:249][568]LogModuleManager: Shutting down and abandoning module ActorPickerMode (526)
[2017.11.13-17.13.52:249][568]LogModuleManager: Shutting down and abandoning module GeometryMode (524)
[2017.11.13-17.13.52:249][568]LogModuleManager: Shutting down and abandoning module TextureAlignMode (522)
[2017.11.13-17.13.52:249][568]LogModuleManager: Shutting down and abandoning module BspMode (520)
[2017.11.13-17.13.52:249][568]LogModuleManager: Shutting down and abandoning module PIEPreviewDeviceProfileSelector (518)
[2017.11.13-17.13.52:249][568]LogModuleManager: Shutting down and abandoning module HardwareSurvey (516)
[2017.11.13-17.13.52:249][568]LogModuleManager: Shutting down and abandoning module SequenceRecorderSections (514)
[2017.11.13-17.13.52:256][568]LogModuleManager: Shutting down and abandoning module AutomationWorker (512)
[2017.11.13-17.13.52:259][568]LogModuleManager: Shutting down and abandoning module MatineeToLevelSequence (510)
[2017.11.13-17.13.52:259][568]LogModuleManager: Shutting down and abandoning module LevelSequenceEditor (508)
[2017.11.13-17.13.52:312][568]LogModuleManager: Shutting down and abandoning module PlacementMode (507)
[2017.11.13-17.13.52:312][568]LogModuleManager: Shutting down and abandoning module WmfMediaFactory (504)
[2017.11.13-17.13.52:312][568]LogModuleManager: Shutting down and abandoning module WmfMediaEditor (502)
[2017.11.13-17.13.52:312][568]LogModuleManager: Shutting down and abandoning module OpenExrWrapper (500)
[2017.11.13-17.13.52:312][568]LogModuleManager: Shutting down and abandoning module ImgMediaFactory (498)
[2017.11.13-17.13.52:312][568]LogModuleManager: Shutting down and abandoning module ImgMediaEditor (496)
[2017.11.13-17.13.52:312][568]LogModuleManager: Shutting down and abandoning module AvfMediaFactory (494)
[2017.11.13-17.13.52:312][568]LogModuleManager: Shutting down and abandoning module AvfMediaEditor (492)
[2017.11.13-17.13.52:312][568]LogModuleManager: Shutting down and abandoning module AndroidMediaFactory (490)
[2017.11.13-17.13.52:312][568]LogModuleManager: Shutting down and abandoning module AndroidMediaEditor (488)
[2017.11.13-17.13.52:312][568]LogModuleManager: Shutting down and abandoning module CharacterAI (486)
[2017.11.13-17.13.52:312][568]LogModuleManager: Shutting down and abandoning module AudioCapture (484)
[2017.11.13-17.13.52:320][568]LogModuleManager: Shutting down and abandoning module SequenceRecorder (483)
[2017.11.13-17.13.52:320][568]LogModuleManager: Shutting down and abandoning module SmartSnapping (480)
[2017.11.13-17.13.52:320][568]LogModuleManager: Shutting down and abandoning module SessionServices (478)
[2017.11.13-17.13.52:320][568]LogModuleManager: Shutting down and abandoning module ViewportSnapping (476)
[2017.11.13-17.13.52:320][568]LogModuleManager: Shutting down and abandoning module ViewportInteraction (474)
[2017.11.13-17.13.52:320][568]LogModuleManager: Shutting down and abandoning module ClothPainter (472)
[2017.11.13-17.13.52:330][568]LogModuleManager: Shutting down and abandoning module SkeletalMeshEditor (471)
[2017.11.13-17.13.52:350][568]LogModuleManager: Shutting down and abandoning module LogVisualizer (468)
[2017.11.13-17.13.52:357][568]LogModuleManager: Shutting down and abandoning module IntroTutorials (466)
[2017.11.13-17.13.52:365][568]LogModuleManager: Shutting down and abandoning module GameProjectGeneration (465)
[2017.11.13-17.13.52:403][568]LogModuleManager: Shutting down and abandoning module IOSPlatformEditor (462)
[2017.11.13-17.13.52:420][568]LogModuleManager: Shutting down and abandoning module HTML5PlatformEditor (460)
[2017.11.13-17.13.52:420][568]LogModuleManager: Shutting down and abandoning module AndroidPlatformEditor (458)
[2017.11.13-17.13.52:420][568]LogModuleManager: Shutting down and abandoning module AndroidDeviceDetection (457)
[2017.11.13-17.13.53:120][568]LogModuleManager: Shutting down and abandoning module WindowsPlatformEditor (454)
[2017.11.13-17.13.53:120][568]LogModuleManager: Shutting down and abandoning module IOSRuntimeSettings (452)
[2017.11.13-17.13.53:120][568]LogModuleManager: Shutting down and abandoning module AndroidRuntimeSettings (450)
[2017.11.13-17.13.53:120][568]LogModuleManager: Shutting down and abandoning module InputBindingEditor (448)
[2017.11.13-17.13.53:138][568]LogModuleManager: Shutting down and abandoning module MergeActors (446)
[2017.11.13-17.13.53:154][568]LogModuleManager: Shutting down and abandoning module SizeMap (444)
[2017.11.13-17.13.53:154][568]LogModuleManager: Shutting down and abandoning module TreeMap (442)
[2017.11.13-17.13.53:181][568]LogModuleManager: Shutting down and abandoning module ReferenceViewer (440)
[2017.11.13-17.13.53:181][568]LogModuleManager: Shutting down and abandoning module LocalizationDashboard (438)
[2017.11.13-17.13.53:189][568]LogModuleManager: Shutting down and abandoning module LocalizationService (437)
[2017.11.13-17.13.53:203][568]LogModuleManager: Shutting down and abandoning module HardwareTargeting (434)
[2017.11.13-17.13.53:203][568]LogModuleManager: Shutting down and abandoning module DeviceProfileEditor (432)
[2017.11.13-17.13.53:203][568]LogModuleManager: Shutting down and abandoning module UndoHistory (430)
[2017.11.13-17.13.53:203][568]LogModuleManager: Shutting down and abandoning module XmlParser (428)
[2017.11.13-17.13.53:209][568]LogModuleManager: Shutting down and abandoning module Blutility (426)
[2017.11.13-17.13.53:209][568]LogModuleManager: Shutting down and abandoning module ProjectSettingsViewer (424)
[2017.11.13-17.13.53:209][568]LogModuleManager: Shutting down and abandoning module ProjectTargetPlatformEditor (423)
[2017.11.13-17.13.53:209][568]LogModuleManager: Shutting down and abandoning module EditorSettingsViewer (420)
[2017.11.13-17.13.53:210][568]LogModuleManager: Shutting down and abandoning module SettingsEditor (418)
[2017.11.13-17.13.53:215][568]LogModuleManager: Shutting down and abandoning module ProjectLauncher (416)
[2017.11.13-17.13.53:232][568]LogModuleManager: Shutting down and abandoning module SessionFrontend (414)
[2017.11.13-17.13.53:243][568]LogModuleManager: Shutting down and abandoning module ProfilerClient (412)
[2017.11.13-17.13.53:246][568]LogModuleManager: Shutting down and abandoning module DeviceManager (410)
[2017.11.13-17.13.53:254][568]LogModuleManager: Shutting down and abandoning module TargetDeviceServices (409)
[2017.11.13-17.13.53:306][568]LogModuleManager: Shutting down and abandoning module AutomationController (406)
[2017.11.13-17.13.53:313][568]LogModuleManager: Shutting down and abandoning module AutomationWindow (404)
[2017.11.13-17.13.53:329][568]LogModuleManager: Shutting down and abandoning module Layers (402)
[2017.11.13-17.13.53:352][568]LogModuleManager: Shutting down and abandoning module ComponentVisualizers (400)
[2017.11.13-17.13.53:352][568]LogModuleManager: Shutting down and abandoning module DetailCustomizations (398)
[2017.11.13-17.13.53:373][568]LogModuleManager: Shutting down and abandoning module PackagesDialog (396)
[2017.11.13-17.13.53:373][568]LogModuleManager: Shutting down and abandoning module Persona (394)
[2017.11.13-17.13.53:399][568]LogModuleManager: Shutting down and abandoning module AdvancedPreviewScene (393)
[2017.11.13-17.13.53:399][568]LogModuleManager: Shutting down and abandoning module AnimGraph (391)
[2017.11.13-17.13.53:399][568]LogModuleManager: Shutting down and abandoning module Kismet (388)
[2017.11.13-17.13.53:430][568]LogModuleManager: Shutting down and abandoning module ClassViewer (386)
[2017.11.13-17.13.53:430][568]LogModuleManager: Shutting down and abandoning module Toolbox (384)
[2017.11.13-17.13.53:430][568]LogModuleManager: Shutting down and abandoning module ModuleUI (382)
[2017.11.13-17.13.53:438][568]LogModuleManager: Shutting down and abandoning module MovieSceneTools (380)
[2017.11.13-17.13.53:459][568]LogModuleManager: Shutting down and abandoning module OutputLog (378)
[2017.11.13-17.13.53:476][568]LogModuleManager: Shutting down and abandoning module GammaUI (376)
[2017.11.13-17.13.53:481][568]LogModuleManager: Shutting down and abandoning module Documentation (374)
[2017.11.13-17.13.53:481][568]LogModuleManager: Shutting down and abandoning module MovieSceneTracks (372)
[2017.11.13-17.13.53:481][568]LogModuleManager: Shutting down and abandoning module MovieScene (370)
[2017.11.13-17.13.53:481][568]LogModuleManager: Shutting down and abandoning module StreamingPauseRendering (368)
[2017.11.13-17.13.53:481][568]LogModuleManager: Shutting down and abandoning module LauncherPlatform (366)
[2017.11.13-17.13.53:481][568]LogModuleManager: Shutting down and abandoning module AnalyticsET (364)
[2017.11.13-17.13.53:481][568]LogModuleManager: Shutting down and abandoning module PortalServices (362)
[2017.11.13-17.13.53:481][568]LogModuleManager: Shutting down and abandoning module PortalRpc (360)
[2017.11.13-17.13.53:481][568]LogModuleManager: Shutting down and abandoning module MessagingRpc (358)
[2017.11.13-17.13.53:481][568]LogModuleManager: Shutting down and abandoning module AIModule (356)
[2017.11.13-17.13.53:481][568]LogModuleManager: Shutting down and abandoning module GameplayDebugger (355)
[2017.11.13-17.13.53:494][568]LogModuleManager: Shutting down and abandoning module AITestSuite (353)
[2017.11.13-17.13.53:506][568]LogModuleManager: Shutting down and abandoning module DesktopPlatform (350)
[2017.11.13-17.13.53:506][568]LogModuleManager: Shutting down and abandoning module ProfilerService (348)
[2017.11.13-17.13.53:514][568]LogModuleManager: Shutting down and abandoning module TaskGraph (346)
[2017.11.13-17.13.53:533][568]LogModuleManager: Shutting down and abandoning module SteamVRController (344)
[2017.11.13-17.13.53:533][568]LogModuleManager: Shutting down and abandoning module ProceduralMeshComponentEditor (342)
[2017.11.13-17.13.53:533][568]LogModuleManager: Shutting down and abandoning module ProceduralMeshComponent (340)
[2017.11.13-17.13.53:545][568]LogModuleManager: Shutting down and abandoning module OculusInput (338)
[2017.11.13-17.13.53:548][568]LogModuleManager: Shutting down and abandoning module MobilePatchingUtils (336)
[2017.11.13-17.13.53:548][568]LogModuleManager: Shutting down and abandoning module CustomMeshComponent (334)
[2017.11.13-17.13.53:548][568]LogModuleManager: Shutting down and abandoning module CableComponent (332)
[2017.11.13-17.13.53:557][568]LogModuleManager: Shutting down and abandoning module ArchVisCharacter (330)
[2017.11.13-17.13.53:557][568]LogModuleManager: Shutting down and abandoning module AndroidPermission (328)
[2017.11.13-17.13.53:557][568]LogModuleManager: Shutting down and abandoning module ActorSequence (324)
[2017.11.13-17.13.53:557][568]LogModuleManager: Shutting down and abandoning module MediaPlayerEditor (322)
[2017.11.13-17.13.53:580][568]LogModuleManager: Shutting down and abandoning module MediaCompositingEditor (320)
[2017.11.13-17.13.53:580][568]LogModuleManager: Shutting down and abandoning module MediaCompositing (318)
[2017.11.13-17.13.53:580][568]LogModuleManager: Shutting down and abandoning module HTML5Networking (316)
[2017.11.13-17.13.53:580][568]LogModuleManager: Shutting down and abandoning module AlembicImporter (314)
[2017.11.13-17.13.53:590][568]LogModuleManager: Shutting down and abandoning module AlembicLibrary (313)
[2017.11.13-17.13.53:590][568]LogModuleManager: Shutting down and abandoning module GeometryCache (312)
[2017.11.13-17.13.53:604][568]LogModuleManager: Shutting down and abandoning module GeometryCacheEd (311)
[2017.11.13-17.13.53:604][568]LogModuleManager: Shutting down and abandoning module SpeedTreeImporter (306)
[2017.11.13-17.13.53:604][568]LogModuleManager: Shutting down and abandoning module PluginBrowser (304)
[2017.11.13-17.13.53:622][568]LogModuleManager: Shutting down and abandoning module MobileLauncherProfileWizard (302)
[2017.11.13-17.13.53:636][568]LogModuleManager: Shutting down and abandoning module VisualStudioSourceCodeAccess (300)
[2017.11.13-17.13.53:636][568]LogModuleManager: Shutting down and abandoning module VisualStudioCodeSourceCodeAccess (298)
[2017.11.13-17.13.53:636][568]LogModuleManager: Shutting down and abandoning module UObjectPlugin (296)
[2017.11.13-17.13.53:636][568]LogModuleManager: Shutting down and abandoning module SubversionSourceControl (294)
[2017.11.13-17.13.53:655][568]LogModuleManager: Shutting down and abandoning module PerforceSourceControl (292)
[2017.11.13-17.13.53:658][568]LogModuleManager: Shutting down and abandoning module GitSourceControl (290)
[2017.11.13-17.13.53:668][568]LogModuleManager: Shutting down and abandoning module SourceControl (289)
[2017.11.13-17.13.53:668][568]LogModuleManager: Shutting down and abandoning module LightPropagationVolumeEditor (286)
[2017.11.13-17.13.53:668][568]LogModuleManager: Shutting down and abandoning module PaperTiledImporter (284)
[2017.11.13-17.13.53:668][568]LogModuleManager: Shutting down and abandoning module PaperSpriteSheetImporter (282)
[2017.11.13-17.13.53:668][568]LogModuleManager: Shutting down and abandoning module Paper2DEditor (280)
[2017.11.13-17.13.53:678][568]LogModuleManager: Shutting down and abandoning module MeshPaint (279)
[2017.11.13-17.13.53:678][568]LogModuleManager: Shutting down and abandoning module LevelEditor (277)
[2017.11.13-17.13.53:704][568]LogModuleManager: Shutting down and abandoning module PixelInspectorModule (276)
[2017.11.13-17.13.53:710][568]LogModuleManager: Shutting down and abandoning module MainFrame (274)
[2017.11.13-17.13.53:711][568]LogModuleManager: Shutting down and abandoning module HotReload (273)
[2017.11.13-17.13.53:720][568]LogModuleManager: Shutting down and abandoning module RuntimePhysXCooking (268)
[2017.11.13-17.13.53:720][568]LogModuleManager: Shutting down and abandoning module PhysXVehiclesEditor (266)
[2017.11.13-17.13.53:720][568]LogModuleManager: Shutting down and abandoning module PhysXVehicles (264)
[2017.11.13-17.13.53:720][568]LogModuleManager: Shutting down and abandoning module OculusEditor (262)
[2017.11.13-17.13.53:720][568]LogModuleManager: Shutting down and abandoning module LocationServicesBPLibrary (260)
[2017.11.13-17.13.53:720][568]LogModuleManager: Shutting down and abandoning module ImmediatePhysicsEditor (258)
[2017.11.13-17.13.53:720][568]LogModuleManager: Shutting down and abandoning module ImmediatePhysics (256)
[2017.11.13-17.13.53:735][568]LogModuleManager: Shutting down and abandoning module UdpMessaging (254)
[2017.11.13-17.13.53:875][568]LogModuleManager: Shutting down and abandoning module TcpMessaging (252)
[2017.11.13-17.13.53:984][568]LogModuleManager: Shutting down and abandoning module GameplayTagsEditor (250)
[2017.11.13-17.13.54:034][568]LogModuleManager: Shutting down and abandoning module FacialAnimationEditor (248)
[2017.11.13-17.13.54:034][568]LogModuleManager: Shutting down and abandoning module FacialAnimation (246)
[2017.11.13-17.13.54:034][568]LogModuleManager: Shutting down and abandoning module AssetManagerEditor (244)
[2017.11.13-17.13.54:054][568]LogModuleManager: Shutting down and abandoning module GraphEditor (243)
[2017.11.13-17.13.54:054][568]LogModuleManager: Shutting down and abandoning module ContentBrowser (241)
[2017.11.13-17.13.54:055][568]LogModuleManager: Shutting down and abandoning module LightPropagationVolumeRuntime (238)
[2017.11.13-17.13.54:055][568]LogModuleManager: Shutting down and abandoning module Paper2D (236)
[2017.11.13-17.13.54:055][568]LogModuleManager: Shutting down and abandoning module WindowsMoviePlayer (234)
[2017.11.13-17.13.54:061][568]LogModuleManager: Shutting down and abandoning module WmfMedia (232)
[2017.11.13-17.13.54:070][568]LogModuleManager: Shutting down and abandoning module ImgMedia (230)
[2017.11.13-17.13.54:070][568]LogModuleManager: Shutting down and abandoning module PacketHandler (228)
[2017.11.13-17.13.54:070][568]LogModuleManager: Shutting down and abandoning module ClothingSystemEditor (226)
[2017.11.13-17.13.54:070][568]LogModuleManager: Shutting down and abandoning module ClothingSystemRuntime (224)
[2017.11.13-17.13.54:089][568]LogModuleManager: Shutting down and abandoning module MediaAssets (222)
[2017.11.13-17.13.54:089][568]LogModuleManager: Shutting down and abandoning module Media (221)
[2017.11.13-17.13.54:095][568]LogModuleManager: Shutting down and abandoning module Overlay (218)
[2017.11.13-17.13.54:096][568]LogModuleManager: Shutting down and abandoning module OverlayEditor (217)
[2017.11.13-17.13.54:096][568]LogModuleManager: Shutting down and abandoning module VREditor (214)
[2017.11.13-17.13.54:122][568]LogModuleManager: Shutting down and abandoning module StringTableEditor (212)
[2017.11.13-17.13.54:122][568]LogModuleManager: Shutting down and abandoning module GameplayTasksEditor (210)
[2017.11.13-17.13.54:122][568]LogModuleManager: Shutting down and abandoning module BehaviorTreeEditor (208)
[2017.11.13-17.13.54:157][568]LogModuleManager: Shutting down and abandoning module FunctionalTesting (206)
[2017.11.13-17.13.54:157][568]LogModuleManager: Shutting down and abandoning module CollisionAnalyzer (204)
[2017.11.13-17.13.54:171][568]LogModuleManager: Shutting down and abandoning module WorkspaceMenuStructure (203)
[2017.11.13-17.13.54:171][568]LogModuleManager: Shutting down and abandoning module UMG (200)
[2017.11.13-17.13.54:180][568]LogModuleManager: Shutting down and abandoning module UMGEditor (199)
[2017.11.13-17.13.54:204][568]LogModuleManager: Shutting down and abandoning module Sequencer (198)
[2017.11.13-17.13.54:235][568]LogModuleManager: Shutting down and abandoning module MessageLog (195)
[2017.11.13-17.13.54:235][568]LogModuleManager: Shutting down and abandoning module SlateReflector (190)
[2017.11.13-17.13.54:253][568]LogModuleManager: Shutting down and abandoning module Slate (188)
[2017.11.13-17.13.54:253][568]LogModuleManager: Shutting down and abandoning module EditorStyle (186)
[2017.11.13-17.13.54:255][568]LogModuleManager: Shutting down and abandoning module MRMesh (184)
[2017.11.13-17.13.54:255][568]LogModuleManager: Shutting down and abandoning module SourceCodeAccess (182)
[2017.11.13-17.13.54:255][568]LogModuleManager: Shutting down and abandoning module HeadMountedDisplay (180)
[2017.11.13-17.13.54:255][568]LogModuleManager: Shutting down and abandoning module XAudio2 (178)
[2017.11.13-17.13.54:255][568]LogModuleManager: Shutting down and abandoning module Networking (176)
[2017.11.13-17.13.54:255][568]LogModuleManager: Shutting down and abandoning module Core (172)
[2017.11.13-17.13.54:255][568]LogModuleManager: Shutting down and abandoning module LevelSequence (168)
[2017.11.13-17.13.54:255][568]LogModuleManager: Shutting down and abandoning module DirectoryWatcher (166)
[2017.11.13-17.13.54:256][568]LogModuleManager: Shutting down and abandoning module KismetCompiler (164)
[2017.11.13-17.13.54:256][568]LogModuleManager: Shutting down and abandoning module MeshUtilities (162)
[2017.11.13-17.13.54:273][568]LogModuleManager: Shutting down and abandoning module MeshMergeUtilities (161)
[2017.11.13-17.13.54:283][568]LogModuleManager: Shutting down and abandoning module MeshReductionInterface (160)
[2017.11.13-17.13.54:283][568]LogModuleManager: Shutting down and abandoning module SimplygonSwarm (159)
[2017.11.13-17.13.54:296][568]LogModuleManager: Shutting down and abandoning module SimplygonMeshReduction (157)
[2017.11.13-17.13.54:296][568]LogModuleManager: Shutting down and abandoning module QuadricMeshReduction (155)
[2017.11.13-17.13.54:304][568]LogModuleManager: Shutting down and abandoning module MaterialBaking (151)
[2017.11.13-17.13.54:313][568]LogModuleManager: Shutting down and abandoning module DerivedDataCache (148)
[2017.11.13-17.13.54:463][568]LogDerivedDataCache: Shutdown
[2017.11.13-17.13.54:463][568]LogModuleManager: Shutting down and abandoning module TargetPlatform (146)
[2017.11.13-17.13.54:463][568]LogModuleManager: Shutting down and abandoning module VulkanShaderFormat (145)
[2017.11.13-17.13.54:473][568]LogModuleManager: Shutting down and abandoning module ShaderFormatVectorVM (143)
[2017.11.13-17.13.54:484][568]LogModuleManager: Shutting down and abandoning module ShaderFormatOpenGL (141)
[2017.11.13-17.13.54:486][568]LogModuleManager: Shutting down and abandoning module ShaderFormatD3D (139)
[2017.11.13-17.13.54:492][568]LogModuleManager: Shutting down and abandoning module MetalShaderFormat (137)
[2017.11.13-17.13.54:510][568]LogModuleManager: Shutting down and abandoning module TextureFormatUncompressed (135)
[2017.11.13-17.13.54:510][568]LogModuleManager: Shutting down and abandoning module TextureFormatPVR (133)
[2017.11.13-17.13.54:510][568]LogModuleManager: Shutting down and abandoning module TextureFormatDXT (131)
[2017.11.13-17.13.54:522][568]LogModuleManager: Shutting down and abandoning module TextureFormatIntelISPCTexComp (129)
[2017.11.13-17.13.54:524][568]LogModuleManager: Shutting down and abandoning module TextureFormatASTC (127)
[2017.11.13-17.13.54:524][568]LogModuleManager: Shutting down and abandoning module ImageWrapper (126)
[2017.11.13-17.13.54:524][568]LogModuleManager: Shutting down and abandoning module TextureFormatAndroid (123)
[2017.11.13-17.13.54:524][568]LogModuleManager: Shutting down and abandoning module AudioFormatOpus (121)
[2017.11.13-17.13.54:524][568]LogModuleManager: Shutting down and abandoning module AudioFormatOgg (119)
[2017.11.13-17.13.54:524][568]LogModuleManager: Shutting down and abandoning module AudioFormatADPCM (117)
[2017.11.13-17.13.54:524][568]LogModuleManager: Shutting down and abandoning module LinuxTargetPlatform (115)
[2017.11.13-17.13.54:524][568]LogModuleManager: Shutting down and abandoning module LinuxServerTargetPlatform (113)
[2017.11.13-17.13.54:524][568]LogModuleManager: Shutting down and abandoning module LinuxNoEditorTargetPlatform (111)
[2017.11.13-17.13.54:524][568]LogModuleManager: Shutting down and abandoning module LinuxClientTargetPlatform (109)
[2017.11.13-17.13.54:524][568]LogModuleManager: Shutting down and abandoning module TVOSTargetPlatform (107)
[2017.11.13-17.13.54:524][568]LogModuleManager: Shutting down and abandoning module Messaging (105)
[2017.11.13-17.13.54:524][568]LogModuleManager: Shutting down and abandoning module IOSTargetPlatform (103)
[2017.11.13-17.13.54:524][568]LogModuleManager: Shutting down and abandoning module HTML5TargetPlatform (101)
[2017.11.13-17.13.54:524][568]LogModuleManager: Shutting down and abandoning module AndroidTargetPlatform (99)
[2017.11.13-17.13.54:524][568]LogModuleManager: Shutting down and abandoning module Android_PVRTCTargetPlatform (97)
[2017.11.13-17.13.54:524][568]LogModuleManager: Shutting down and abandoning module Android_MultiTargetPlatform (95)
[2017.11.13-17.13.54:524][568]LogModuleManager: Shutting down and abandoning module Android_ETC2TargetPlatform (93)
[2017.11.13-17.13.54:524][568]LogModuleManager: Shutting down and abandoning module Android_ETC1TargetPlatform (91)
[2017.11.13-17.13.54:524][568]LogModuleManager: Shutting down and abandoning module Android_DXTTargetPlatform (89)
[2017.11.13-17.13.54:524][568]LogModuleManager: Shutting down and abandoning module Android_ATCTargetPlatform (87)
[2017.11.13-17.13.54:524][568]LogModuleManager: Shutting down and abandoning module Android_ASTCTargetPlatform (85)
[2017.11.13-17.13.54:524][568]LogModuleManager: Shutting down and abandoning module WindowsTargetPlatform (83)
[2017.11.13-17.13.54:524][568]LogModuleManager: Shutting down and abandoning module WindowsServerTargetPlatform (81)
[2017.11.13-17.13.54:524][568]LogModuleManager: Shutting down and abandoning module WindowsNoEditorTargetPlatform (79)
[2017.11.13-17.13.54:524][568]LogModuleManager: Shutting down and abandoning module WindowsClientTargetPlatform (77)
[2017.11.13-17.13.54:524][568]LogModuleManager: Shutting down and abandoning module MacTargetPlatform (75)
[2017.11.13-17.13.54:524][568]LogModuleManager: Shutting down and abandoning module MacServerTargetPlatform (73)
[2017.11.13-17.13.54:524][568]LogModuleManager: Shutting down and abandoning module MacNoEditorTargetPlatform (71)
[2017.11.13-17.13.54:524][568]LogModuleManager: Shutting down and abandoning module MacClientTargetPlatform (69)
[2017.11.13-17.13.54:524][568]LogModuleManager: Shutting down and abandoning module AllDesktopTargetPlatform (67)
[2017.11.13-17.13.54:524][568]LogModuleManager: Shutting down and abandoning module InputCore (64)
[2017.11.13-17.13.54:524][568]LogModuleManager: Shutting down and abandoning module Settings (62)
[2017.11.13-17.13.54:524][568]LogModuleManager: Shutting down and abandoning module PhysXCooking (60)
[2017.11.13-17.13.54:524][568]LogModuleManager: Shutting down and abandoning module SteamVR (58)
[2017.11.13-17.13.54:524][568]LogModuleManager: Shutting down and abandoning module OculusHMD (56)
[2017.11.13-17.13.54:532][568]LogModuleManager: Shutting down and abandoning module ExampleDeviceProfileSelector (54)
[2017.11.13-17.13.54:532][568]LogModuleManager: Shutting down and abandoning module AppleARKit (52)
[2017.11.13-17.13.54:532][568]LogModuleManager: Shutting down and abandoning module AugmentedReality (51)
[2017.11.13-17.13.54:532][568]LogModuleManager: Shutting down and abandoning module OnlineBlueprintSupport (48)
[2017.11.13-17.13.54:532][568]LogModuleManager: Shutting down and abandoning module OnlineSubsystem (44)
[2017.11.13-17.13.54:549][568]LogModuleManager: Shutting down and abandoning module XMPP (43)
[2017.11.13-17.13.54:566][568]LogModuleManager: Shutting down and abandoning module HTTP (41)
[2017.11.13-17.13.54:566][568]LogHttp: Display: Http module shutting down, but needs to wait on 1 outstanding Http requests:
[2017.11.13-17.13.54:571][568]LogHttp: Display: 	verb=[POST] url=[https://datarouter.ol.epicgames.com/datarouter/api/v1/public/data?SessionID=%7BB87B657D-458B-17FD-143A-56A2CD40574E%7D&AppID=UEEditor.Rocket.Release&AppVersion=4.18.0-3709383%2B%2B%2BUE4%2BRelease-4.18&UserID=b3c67c294ae222f77c29ce80ba47b608%7C881854acbd8f433f8340a3d9e6092e1a%7C5f9438c5-8325-4d43-8572-9143ccf608da&AppEnvironment=datacollector-binary&UploadType=eteventstream] status=Processing
[2017.11.13-17.13.54:596][568]LogModuleManager: Shutting down and abandoning module SSL (40)
[2017.11.13-17.13.54:605][568]LogModuleManager: Shutting down and abandoning module AnimationModifiers (36)
[2017.11.13-17.13.54:613][568]LogModuleManager: Shutting down and abandoning module PropertyEditor (35)
[2017.11.13-17.13.54:613][568]LogModuleManager: Shutting down and abandoning module AudioEditor (32)
[2017.11.13-17.13.54:625][568]LogModuleManager: Shutting down and abandoning module TextureCompressor (30)
[2017.11.13-17.13.54:643][568]LogModuleManager: Shutting down and abandoning module ShaderCore (28)
[2017.11.13-17.13.54:643][568]LogModuleManager: Shutting down and abandoning module Landscape (26)
[2017.11.13-17.13.54:643][568]LogModuleManager: Shutting down and abandoning module SlateRHIRenderer (24)
[2017.11.13-17.13.54:661][568]LogModuleManager: Shutting down and abandoning module OpenGLDrv (22)
[2017.11.13-17.13.54:680][568]LogModuleManager: Shutting down and abandoning module D3D11RHI (20)
[2017.11.13-17.13.54:680][568]LogModuleManager: Shutting down and abandoning module AnimGraphRuntime (18)
[2017.11.13-17.13.54:697][568]LogModuleManager: Shutting down and abandoning module Renderer (16)
[2017.11.13-17.13.54:697][568]LogModuleManager: Shutting down and abandoning module Engine (14)
[2017.11.13-17.13.54:707][568]LogModuleManager: Shutting down and abandoning module CoreUObject (12)
[2017.11.13-17.13.54:707][568]LogModuleManager: Shutting down and abandoning module NetworkFile (10)
[2017.11.13-17.13.54:717][568]LogModuleManager: Shutting down and abandoning module CookedIterativeFile (8)
[2017.11.13-17.13.54:717][568]LogModuleManager: Shutting down and abandoning module StreamingFile (6)
[2017.11.13-17.13.54:726][568]LogModuleManager: Shutting down and abandoning module SandboxFile (4)
[2017.11.13-17.13.54:731][568]LogModuleManager: Shutting down and abandoning module PakFile (2)
[2017.11.13-17.13.54:742][568]LogExit: Exiting.
[2017.11.13-17.13.54:749][568]Log file closed, 11/13/17 20:13:54
=======
[2017.11.13-17.04.24:740][  0]LogInit: Selected Device Profile: [Windows]
[2017.11.13-17.04.24:740][  0]LogInit: Applying CVar settings loaded from the selected device profile: [Windows]
[2017.11.13-17.04.24:745][  0]LogInit: Computer: DESKTOP-FI218NP
[2017.11.13-17.04.24:745][  0]LogInit: User: r1nz0r
[2017.11.13-17.04.24:745][  0]LogInit: CPU Page size=4096, Cores=4
[2017.11.13-17.04.24:745][  0]LogInit: High frequency timer resolution =3.914066 MHz
[2017.11.13-17.04.24:746][  0]LogMemory: Memory total: Physical=16.0GB (16GB approx)
[2017.11.13-17.04.24:746][  0]LogMemory: Platform Memory Stats for Windows
[2017.11.13-17.04.24:746][  0]LogMemory: Process Physical Memory: 272.89 MB used, 272.89 MB peak
[2017.11.13-17.04.24:746][  0]LogMemory: Process Virtual Memory: 271.98 MB used, 271.98 MB peak
[2017.11.13-17.04.24:746][  0]LogMemory: Physical Memory: 9731.31 MB used,  6612.39 MB free, 16343.70 MB total
[2017.11.13-17.04.24:746][  0]LogMemory: Virtual Memory: 646.21 MB used,  6612.39 MB free, 134217728.00 MB total
[2017.11.13-17.04.24:829][  0]LogInit: Using OS detected language (ru-RU).
[2017.11.13-17.04.24:829][  0]LogInit: Using OS detected locale (ru-RU).
[2017.11.13-17.04.24:831][  0]LogTextLocalizationManager: No localization for 'ru-RU' exists, so 'en' will be used for the language.
[2017.11.13-17.04.24:831][  0]LogTextLocalizationManager: No localization for 'ru-RU' exists, so 'en' will be used for the locale.
[2017.11.13-17.04.25:158][  0]LogInit: Setting process to per monitor DPI aware
[2017.11.13-17.04.25:371][  0]LogD3D11RHI: D3D11 adapters:
[2017.11.13-17.04.25:400][  0]LogD3D11RHI:    0. 'NVIDIA GeForce GTX 980' (Feature Level 11_0)
[2017.11.13-17.04.25:400][  0]LogD3D11RHI:       4060/0/8171 MB DedicatedVideo/DedicatedSystem/SharedSystem, Outputs:1, VendorId:0x10de
[2017.11.13-17.04.25:401][  0]LogD3D11RHI:    1. 'Microsoft Basic Render Driver' (Feature Level 11_0)
[2017.11.13-17.04.25:401][  0]LogD3D11RHI:       0/0/8171 MB DedicatedVideo/DedicatedSystem/SharedSystem, Outputs:0, VendorId:0x1414
[2017.11.13-17.04.25:401][  0]LogD3D11RHI: Chosen D3D11 Adapter: 0
[2017.11.13-17.04.25:407][  0]LogD3D11RHI: Creating new Direct3DDevice
[2017.11.13-17.04.25:407][  0]LogD3D11RHI:     GPU DeviceId: 0x13c0 (for the marketing name, search the web for "GPU Device Id")
[2017.11.13-17.04.25:407][  0]LogWindows: EnumDisplayDevices:
[2017.11.13-17.04.25:407][  0]LogWindows:    0. 'NVIDIA GeForce GTX 980' (P:1 D:1)
[2017.11.13-17.04.25:407][  0]LogWindows:    1. 'NVIDIA GeForce GTX 980' (P:0 D:0)
[2017.11.13-17.04.25:407][  0]LogWindows:    2. 'NVIDIA GeForce GTX 980' (P:0 D:0)
[2017.11.13-17.04.25:407][  0]LogWindows:    3. 'NVIDIA GeForce GTX 980' (P:0 D:0)
[2017.11.13-17.04.25:408][  0]LogWindows: DebugString: FoundDriverCount:4 
[2017.11.13-17.04.25:408][  0]LogD3D11RHI:     Adapter Name: NVIDIA GeForce GTX 980
[2017.11.13-17.04.25:408][  0]LogD3D11RHI:   Driver Version: 388.00 (internal:23.21.13.8800, unified:388.00)
[2017.11.13-17.04.25:408][  0]LogD3D11RHI:      Driver Date: 10-12-2017
[2017.11.13-17.04.25:408][  0]LogRHI: Texture pool is 2842 MB (70% of 4060 MB)
[2017.11.13-17.04.25:425][  0]LogD3D11RHI: Async texture creation enabled
[2017.11.13-17.04.25:439][  0]LogD3D11RHI: GPU Timing Frequency: 1000.000000 (Debug: 2 1)
[2017.11.13-17.04.25:482][  0]LogShaderCompilers: Guid format shader working directory is 18 characters bigger than the processId version (E:/UnrealProjects/MyProject1/Intermediate/Shaders/WorkingDirectory/18260/).
[2017.11.13-17.04.25:482][  0]LogShaderCompilers: Cleaned the shader compiler working directory 'C:/Users/r1nz0r/AppData/Local/Temp/UnrealShaderWorkingDir/6460275F4AFB45E1FD9ABDAEE33C7EB8/'.
[2017.11.13-17.04.25:482][  0]LogShaderCompilers: Display: Using Local Shader Compiler.
[2017.11.13-17.04.26:175][  0]LogTemp: Display: Loaded TP AllDesktopTargetPlatform
[2017.11.13-17.04.26:207][  0]LogTemp: Display: Loaded TP MacClientTargetPlatform
[2017.11.13-17.04.26:239][  0]LogTemp: Display: Loaded TP MacNoEditorTargetPlatform
[2017.11.13-17.04.26:271][  0]LogTemp: Display: Loaded TP MacServerTargetPlatform
[2017.11.13-17.04.26:304][  0]LogTemp: Display: Loaded TP MacTargetPlatform
[2017.11.13-17.04.26:338][  0]LogTemp: Display: Loaded TP WindowsClientTargetPlatform
[2017.11.13-17.04.26:375][  0]LogTemp: Display: Loaded TP WindowsNoEditorTargetPlatform
[2017.11.13-17.04.26:410][  0]LogTemp: Display: Loaded TP WindowsServerTargetPlatform
[2017.11.13-17.04.26:436][  0]LogTemp: Display: Loaded TP WindowsTargetPlatform
[2017.11.13-17.04.26:467][  0]LogTemp: Display: Loaded TP Android_ASTCTargetPlatform
[2017.11.13-17.04.26:497][  0]LogTemp: Display: Loaded TP Android_ATCTargetPlatform
[2017.11.13-17.04.26:526][  0]LogTemp: Display: Loaded TP Android_DXTTargetPlatform
[2017.11.13-17.04.26:555][  0]LogTemp: Display: Loaded TP Android_ETC1TargetPlatform
[2017.11.13-17.04.26:585][  0]LogTemp: Display: Loaded TP Android_ETC2TargetPlatform
[2017.11.13-17.04.26:646][  0]LogTemp: Display: Loaded TP Android_MultiTargetPlatform
[2017.11.13-17.04.26:646][  0]LogTemp: Display: Loaded TP Android_PVRTCTargetPlatform
[2017.11.13-17.04.26:675][  0]LogTemp: Display: Loaded TP AndroidTargetPlatform
[2017.11.13-17.04.26:697][  0]LogTemp: Display: Loaded TP HTML5TargetPlatform
[2017.11.13-17.04.26:758][  0]LogTemp: Display: Loaded TP IOSTargetPlatform
[2017.11.13-17.04.26:774][  0]LogTemp: Display: Loaded TP TVOSTargetPlatform
[2017.11.13-17.04.26:804][  0]LogTemp: Display: Loaded TP LinuxClientTargetPlatform
[2017.11.13-17.04.26:833][  0]LogTemp: Display: Loaded TP LinuxNoEditorTargetPlatform
[2017.11.13-17.04.26:863][  0]LogTemp: Display: Loaded TP LinuxServerTargetPlatform
[2017.11.13-17.04.26:892][  0]LogTemp: Display: Loaded TP LinuxTargetPlatform
[2017.11.13-17.04.26:892][  0]LogTargetPlatformManager: Display: Building Assets For Windows
[2017.11.13-17.04.27:156][  0]LogDerivedDataCache: Display: Max Cache Size: 512 MB
[2017.11.13-17.04.27:208][  0]LogDerivedDataCache: Loaded boot cache 0.05s 78MB C:/Users/r1nz0r/AppData/Local/UnrealEngine/4.18/DerivedDataCache/Boot.ddc.
[2017.11.13-17.04.27:208][  0]LogDerivedDataCache: Display: Loaded Boot cache: C:/Users/r1nz0r/AppData/Local/UnrealEngine/4.18/DerivedDataCache/Boot.ddc
[2017.11.13-17.04.27:208][  0]LogDerivedDataCache: FDerivedDataBackendGraph:  Pak pak cache file E:/UnrealProjects/MyProject1/DerivedDataCache/DDC.ddp not found, will not use a pak cache.
[2017.11.13-17.04.27:208][  0]LogDerivedDataCache: Unable to find inner node Pak for hierarchical cache Hierarchy.
[2017.11.13-17.04.27:209][  0]LogDerivedDataCache: FDerivedDataBackendGraph:  CompressedPak pak cache file E:/UnrealProjects/MyProject1/DerivedDataCache/Compressed.ddp not found, will not use a pak cache.
[2017.11.13-17.04.27:209][  0]LogDerivedDataCache: Unable to find inner node CompressedPak for hierarchical cache Hierarchy.
[2017.11.13-17.04.27:223][  0]LogDerivedDataCache: Display: Pak cache opened for reading ../../../Engine/DerivedDataCache/Compressed.ddp.
[2017.11.13-17.04.27:235][  0]LogDerivedDataCache: Using Local data cache path C:/Users/r1nz0r/AppData/Local/UnrealEngine/Common/DerivedDataCache: Writable
[2017.11.13-17.04.27:243][  0]LogMaterial: Verifying Global Shaders for PCD3D_SM5
[2017.11.13-17.04.27:243][  0]LogSlate: Using Freetype 2.6.0
[2017.11.13-17.04.27:243][  0]LogSlate: SlateFontCache - WITH_FREETYPE: 1, WITH_HARFBUZZ: 1
[2017.11.13-17.04.27:243][  0]LogSlate: SlateFontCache - WITH_FREETYPE: 1, WITH_HARFBUZZ: 1
[2017.11.13-17.04.27:538][  0]LogInit: Selected Device Profile: [Windows]
[2017.11.13-17.04.27:740][  0]LogSimplygon: Simplygon DLL not present - disabling.
[2017.11.13-17.04.27:763][  0]LogMeshReduction: Using SimplygonSwarm for distributed automatic mesh merging
[2017.11.13-17.04.27:763][  0]LogMeshReduction: Using QuadricMeshReduction for automatic static mesh reduction
[2017.11.13-17.04.27:763][  0]LogMeshReduction: No automatic skeletal mesh reduction module available
[2017.11.13-17.04.27:763][  0]LogMeshReduction: No automatic mesh merging module available
[2017.11.13-17.04.27:763][  0]LogMeshMerging: No automatic mesh merging module available
[2017.11.13-17.04.27:782][  0]LogNetVersion: MyProject1 , NetCL: 3709383, EngineNetVer: 2, GameNetVer: 0 (Checksum: 2881748524)
[2017.11.13-17.04.27:895][  0]LogAssetRegistry: FAssetRegistry took 0.0250 seconds to start up
[2017.11.13-17.04.28:201][  0]LogPackageLocalizationCache: Processed 7 localized package path(s) for 1 prioritized culture(s) in 0.017169 seconds
[2017.11.13-17.04.28:206][  0]LogUObjectArray: 35900 objects as part of root set at end of initial load.
[2017.11.13-17.04.28:206][  0]LogUObjectAllocator: 7372016 out of 0 bytes used by permanent object pool.
[2017.11.13-17.04.28:206][  0]LogUObjectArray: CloseDisregardForGC: 0/0 objects in disregard for GC pool
[2017.11.13-17.04.28:234][  0]LogInit: WinSock: version 1.1 (2.2), MaxSocks=32767, MaxUdp=65467
[2017.11.13-17.04.30:024][  0]LogTcpMessaging: Initializing TcpMessaging bridge
[2017.11.13-17.04.30:052][  0]LogUdpMessaging: Initializing bridge on interface 0.0.0.0:0 to multicast group 230.0.0.1:6666.
[2017.11.13-17.04.30:469][  0]LogMaterial: Uniform references updated for custom material expression Custom.
[2017.11.13-17.04.30:746][  0]SourceControl: Source control is disabled
[2017.11.13-17.04.33:587][  0]LogAndroidPermission: UAndroidPermissionCallbackProxy::GetInstance
[2017.11.13-17.04.33:756][  0]LogOcInput: OculusInput pre-init called
[2017.11.13-17.04.33:942][  0]LogEngine: Initializing Engine...
[2017.11.13-17.04.33:944][  0]LogHMD: Failed to initialize OpenVR with code 110
[2017.11.13-17.04.34:110][  0]LogStats: UGameplayTagsManager::ConstructGameplayTagTree: Construct from data asset -  0.000 s
[2017.11.13-17.04.34:110][  0]LogStats: UGameplayTagsManager::ConstructGameplayTagTree: GameplayTagTreeChangedEvent.Broadcast -  0.000 s
[2017.11.13-17.04.34:182][  0]LogAIModule: Creating AISystem for world Untitled
[2017.11.13-17.04.34:190][  0]LogInit: XAudio2 using 'Динамики (Realtek High Definition Audio)' : 2 channels at 48 kHz using 32 bits per sample (channel mask 0x3)
[2017.11.13-17.04.34:202][  0]LogInit: FAudioDevice initialized.
[2017.11.13-17.04.34:275][  0]LogDerivedDataCache: Saved boot cache 0.07s 78MB C:/Users/r1nz0r/AppData/Local/UnrealEngine/4.18/DerivedDataCache/Boot.ddc.
[2017.11.13-17.04.34:289][  0]LogInit: Texture streaming: Enabled
[2017.11.13-17.04.34:350][  0]LogEngineSessionManager: EngineSessionManager initialized
[2017.11.13-17.04.34:453][  0]LogInit: Transaction tracking system initialized
[2017.11.13-17.04.34:666][  0]BlueprintLog: New page: Editor Load
[2017.11.13-17.04.35:188][  0]LocalizationService: Localization service is disabled
[2017.11.13-17.04.35:508][  0]LogLinker: Warning: Can't find file '/Game/FirstPersonBP/FirstPersonOverview'
[2017.11.13-17.04.35:508][  0]LogLinker: Warning: Can't find file '/Game/FirstPersonBP/FirstPersonOverview'
[2017.11.13-17.04.35:509][  0]LogUObjectGlobals: Warning: Failed to find object 'Class /Game/FirstPersonBP/FirstPersonOverview.FirstPersonOverview_C'
[2017.11.13-17.04.35:641][  0]LogConsoleResponse: Display: 
[2017.11.13-17.04.35:754][  0]LogCook: Display: Max memory allowance for cook 16384mb min free memory 0mb
[2017.11.13-17.04.35:754][  0]LogCook: Display: Mobile HDR setting 1
[2017.11.13-17.04.35:754][  0]LogGameplayTags: Display: UGameplayTagsManager::DoneAddingNativeTags. DelegateIsBound: 0
[2017.11.13-17.04.36:600][  0]LogFileCache: Scanning file cache for directory 'E:/UnrealProjects/MyProject1/Content/' took 0.01s
[2017.11.13-17.04.36:720][  0]LogWindowsTextInputMethodSystem: Display: IME system now deactivated.
[2017.11.13-17.04.36:746][  0]LogSlate: Took 0.000141 seconds to synchronously load lazily loaded font '../../../Engine/Content/Slate/Fonts/Roboto-Regular.ttf' (155K)
[2017.11.13-17.04.52:034][  0]LogWindowsTextInputMethodSystem: Display: IME system now deactivated.
[2017.11.13-17.04.52:037][  0]LogWindowsTextInputMethodSystem: Display: IME system now deactivated.
[2017.11.13-17.04.52:168][  0]LogWindowsTextInputMethodSystem: Display: IME system now deactivated.
[2017.11.13-17.04.52:170][  0]LogWindowsTextInputMethodSystem: Display: IME system now deactivated.
[2017.11.13-17.04.52:174][  0]Cmd: MAP LOAD FILE="E:/UnrealProjects/MyProject1/Content/StarterContent/Maps/Minimal_Default.umap" TEMPLATE=0 SHOWPROGRESS=1 FEATURELEVEL=3
[2017.11.13-17.04.52:175][  0]LightingResults: New page: Lighting Build
[2017.11.13-17.04.52:225][  0]MapCheck: New page: Map Check
[2017.11.13-17.04.52:225][  0]LightingResults: New page: Lighting Build
[2017.11.13-17.04.52:857][  0]LogMaterial: Missing cached shader map for material M_Metal_Copper, compiling. 
[2017.11.13-17.04.52:922][  0]LogMaterial: Missing cached shader map for material M_Metal_Burnished_Steel, compiling. 
[2017.11.13-17.04.52:958][  0]LogMaterial: Missing cached shader map for material M_Metal_Brushed_Nickel, compiling. 
[2017.11.13-17.04.53:933][  0]LogAIModule: Creating AISystem for world Minimal_Default
[2017.11.13-17.04.54:013][  0]LogEditorServer: Finished looking for orphan Actors (0.000 secs)
[2017.11.13-17.04.54:051][  0]Cmd: MAP CHECKDEP NOCLEARLOG
[2017.11.13-17.04.54:107][  0]MapCheck: Map check complete: 0 Error(s), 0 Warning(s), took 56.632ms to complete.
[2017.11.13-17.04.54:107][  0]LogFileHelpers: Loading map 'Minimal_Default' took 1.933
[2017.11.13-17.04.54:225][  0]LogStats: Warning: MetaData mismatch. Did you assign a stat to two groups? New //STATGROUP_Threads//SplashScreenThread///Thread_ec_0///####STATCAT_Advanced#### old //STATGROUP_Threads//SplashScreenThread///Thread_4bf0_0///####STATCAT_Advanced####
[2017.11.13-17.04.54:225][  0]LogCollectionManager: Loaded 0 collections in 0.001064 seconds
[2017.11.13-17.04.54:300][  0]LogFileCache: Scanning file cache for directory 'E:/UnrealProjects/MyProject1/Saved/Collections/' took 0.01s
[2017.11.13-17.04.54:300][  0]LogFileCache: Scanning file cache for directory 'E:/UnrealProjects/MyProject1/Content/Developers/r1nz0r/Collections/' took 0.01s
[2017.11.13-17.04.54:300][  0]LogFileCache: Scanning file cache for directory 'E:/UnrealProjects/MyProject1/Content/Collections/' took 0.01s
[2017.11.13-17.04.54:300][  0]LogCollectionManager: Rebuilt the GUID cache for 0 collections in 0.000000 seconds
[2017.11.13-17.04.54:311][  0]LogContentBrowser: Native class hierarchy populated in 0.0108 seconds. Added 2363 classes and 519 folders.
[2017.11.13-17.04.54:374][  0]LogContentBrowser: Native class hierarchy updated for 'WidgetCarousel' in 0.0003 seconds. Added 0 classes and 0 folders.
[2017.11.13-17.04.55:114][  0]LogContentBrowser: Native class hierarchy updated for 'AddContentDialog' in 0.0003 seconds. Added 0 classes and 0 folders.
[2017.11.13-17.04.55:168][  0]LogContentBrowser: Native class hierarchy updated for 'SceneOutliner' in 0.0003 seconds. Added 1 classes and 2 folders.
[2017.11.13-17.04.55:187][  0]LogSlate: Took 0.000180 seconds to synchronously load lazily loaded font '../../../Engine/Content/Slate/Fonts/Roboto-Bold.ttf' (160K)
[2017.11.13-17.04.55:202][  0]LogSlate: Took 0.010605 seconds to synchronously load lazily loaded font '../../../Engine/Content/Editor/Slate/Fonts/FontAwesome.ttf' (139K)
[2017.11.13-17.04.55:405][  0]LogRenderer: Reallocating scene render targets to support 1616x936 Format 10 NumSamples 1 (Frame:1).
[2017.11.13-17.04.55:743][  0]LogContentBrowser: Native class hierarchy updated for 'HierarchicalLODOutliner' in 0.0003 seconds. Added 1 classes and 2 folders.
[2017.11.13-17.04.55:744][  0]LogLoad: (Engine Initialization) Total time: 32.43 seconds
[2017.11.13-17.04.55:744][  0]LogLoad: (Engine Initialization) Total Blueprint compile time: 0.00 seconds
[2017.11.13-17.04.55:744][  0]LogExternalProfiler: No external profilers were discovered.  External profiling features will not be available.
[2017.11.13-17.04.56:102][  0]SourceControl: On branch master
[2017.11.13-17.04.56:102][  0]SourceControl: Your branch is up to date with 'origin/master'.
[2017.11.13-17.04.56:102][  0]SourceControl: Changes not staged for commit:
[2017.11.13-17.04.56:102][  0]SourceControl:   (use "git add <file>..." to update what will be committed)
[2017.11.13-17.04.56:102][  0]SourceControl:   (use "git checkout -- <file>..." to discard changes in working directory)
[2017.11.13-17.04.56:102][  0]SourceControl: 	modified:   Content/StarterContent/Maps/Minimal_Default.umap
[2017.11.13-17.04.56:102][  0]SourceControl: 	modified:   Intermediate/CachedAssetRegistry.bin
[2017.11.13-17.04.56:102][  0]SourceControl: 	modified:   Saved/Autosaves/PackageRestoreData.json
[2017.11.13-17.04.56:102][  0]SourceControl: 	modified:   Saved/Logs/MyProject1.log
[2017.11.13-17.04.56:102][  0]SourceControl: no changes added to commit (use "git add" and/or "git commit -a")
[2017.11.13-17.04.56:102][  0]LogContentStreaming: Texture pool size now 1000 MB
[2017.11.13-17.04.56:429][  1]LogAssetRegistry: Asset discovery search completed in 28.5559 seconds
[2017.11.13-17.04.56:432][  1]LogCollectionManager: Rebuilt the object cache for 0 collections in 0.000001 seconds (found 0 objects)
[2017.11.13-17.04.56:432][  1]LogCollectionManager: Fixed up redirectors for 0 collections in 0.000078 seconds (updated 0 objects)
[2017.11.13-17.05.09:491][461]SourceControl: On branch master
[2017.11.13-17.05.09:491][461]SourceControl: Your branch is up to date with 'origin/master'.
[2017.11.13-17.05.09:491][461]SourceControl: Changes not staged for commit:
[2017.11.13-17.05.09:491][461]SourceControl:   (use "git add <file>..." to update what will be committed)
[2017.11.13-17.05.09:491][461]SourceControl:   (use "git checkout -- <file>..." to discard changes in working directory)
[2017.11.13-17.05.09:491][461]SourceControl: 	modified:   Content/StarterContent/Maps/Minimal_Default.umap
[2017.11.13-17.05.09:491][461]SourceControl: 	modified:   Intermediate/CachedAssetRegistry.bin
[2017.11.13-17.05.09:491][461]SourceControl: 	modified:   Saved/Autosaves/PackageRestoreData.json
[2017.11.13-17.05.09:491][461]SourceControl: 	modified:   Saved/Logs/MyProject1.log
[2017.11.13-17.05.09:492][461]SourceControl: no changes added to commit (use "git add" and/or "git commit -a")
[2017.11.13-17.05.15:160][124]LogSlate: Took 0.001261 seconds to synchronously load lazily loaded font '../../../Engine/Content/Slate/Fonts/Roboto-Light.ttf' (159K)
[2017.11.13-17.05.22:269][703]LogContentBrowser: Native class hierarchy updated for 'BlueprintGraph' in 0.0007 seconds. Added 116 classes and 0 folders.
[2017.11.13-17.05.22:804][703]LogSlate: Took 0.000142 seconds to synchronously load lazily loaded font '../../../Engine/Content/Slate/Fonts/Roboto-Regular.ttf' (155K)
[2017.11.13-17.05.22:920][703]LogRenderer: Reallocating scene render targets to support 1616x1260 Format 10 NumSamples 1 (Frame:1).
[2017.11.13-17.05.23:979][797]LogSlate: Took 0.040270 seconds to synchronously load lazily loaded font '../../../Engine/Content/Editor/Slate/Fonts/Roboto-Italic.ttf' (157K)
[2017.11.13-17.05.32:379][651]BlueprintLog: New page: Compile Blueprint
[2017.11.13-17.05.44:942][ 18]Cmd: OBJ SAVEPACKAGE PACKAGE="/Game/Blueprint" FILE="E:/UnrealProjects/MyProject1/Content/Blueprint.uasset" SILENT=true
[2017.11.13-17.05.44:954][ 18]LogSavePackage: Save=11.91ms
[2017.11.13-17.05.44:954][ 18]LogSavePackage: Moving 'E:/UnrealProjects/MyProject1/Saved/Blueprint4A11AD3A4DC592AF5C8B3AA6A2E3D71C.tmp' to 'E:/UnrealProjects/MyProject1/Content/Blueprint.uasset'
[2017.11.13-17.05.44:955][ 18]LogSavePackage: Display: Finished SavePackage E:/UnrealProjects/MyProject1/Content/Blueprint.uasset
[2017.11.13-17.05.49:734][214]LogSourceControl: FGitCheckInWorker: commit successful
[2017.11.13-17.05.49:787][214]SourceControl: [master 140f8b2] adwadasdawd
[2017.11.13-17.05.49:787][214]SourceControl:  1 file changed, 0 insertions(+), 0 deletions(-)
[2017.11.13-17.05.49:787][214]SourceControl:  create mode 100644 Content/Blueprint.uasset
[2017.11.13-17.05.49:796][214]SourceControl: Commited [master 140f8b2] adwadasdawd.
>>>>>>> 9f2f31a776b992f2979dee3ab43752e87a5bb234
